#
# A fatal error has been detected by the Java Runtime Environment:
#
#  SIGSEGV (0xb) at pc=0x000055c5fe726260, pid=186617, tid=186617
#
# JRE version: OpenJDK Runtime Environment (11.0.20.1+1) (build 11.0.20.1+1-post-Ubuntu-0ubuntu122.04)
# Java VM: OpenJDK 64-Bit Server VM (11.0.20.1+1-post-Ubuntu-0ubuntu122.04, mixed mode, sharing, tiered, compressed oops, g1 gc, linux-amd64)
# Problematic frame:
# C  [python3+0x13c260]  PyBytes_FromStringAndSize+0xe0
#
# Core dump will be written. Default location: Core dumps may be processed with "/usr/share/apport/apport -p%p -s%s -c%c -d%d -P%P -u%u -g%g -- %E" (or dumping to /home/ryan/Documents/CustomProgramLibrary/pyAtomicAPI/core.186617)
#
# If you would like to submit a bug report, please visit:
#   https://bugs.launchpad.net/ubuntu/+source/openjdk-lts
# The crash happened outside the Java Virtual Machine in native code.
# See problematic frame for where to report the bug.
#

---------------  S U M M A R Y ------------

Command Line: 

Host: AMD Ryzen 5 5600X 6-Core Processor, 12 cores, 31G, Ubuntu 22.04.3 LTS
Time: Thu Sep 28 17:41:53 2023 CDT elapsed time: 0.831720 seconds (0d 0h 0m 0s)

---------------  T H R E A D  ---------------

Current thread (0x000055c600bd1800):  JavaThread "main" [_thread_in_native, id=186617, stack(0x00007ffc48c59000,0x00007ffc48d59000)]

Stack: [0x00007ffc48c59000,0x00007ffc48d59000],  sp=0x00007ffc48d54060,  free space=1004k
Native frames: (J=compiled Java code, A=aot compiled Java code, j=interpreted, Vv=VM code, C=native code)
C  [python3+0x13c260]  PyBytes_FromStringAndSize+0xe0


siginfo: si_signo: 11 (SIGSEGV), si_code: 1 (SEGV_MAPERR), si_addr: 0x000000000000006f

Register to memory mapping:

RAX=0x00007ff8a95ac000 points into unknown readable memory: 0x0000000000000090 | 90 00 00 00 00 00 00 00
RBX=0x0000000000000036 is an unknown value
RCX=0x000055c6014908e6 points into unknown readable memory: 36 00
RDX=0x0000000000000036 is an unknown value
RSP=0x00007ffc48d54060 is pointing into the stack for thread: 0x000055c600bd1800
RBP=0x0 is NULL
RSI=0x000055c5feb58da0: <offset 0x000000000056eda0> in python3 at 0x000055c5fe5ea000
RDI=0x0000000000000005 is an unknown value
R8 =0x0000000000000047 is an unknown value
R9 =0x000055c5fe7074d0: <offset 0x000000000011d4d0> in python3 at 0x000055c5fe5ea000
R10=0x000000000000000a is an unknown value
R11=0x000055c5feb58d60: <offset 0x000000000056ed60> in python3 at 0x000055c5fe5ea000
R12=0x000000000000006f is an unknown value
R13=0x0000000000000057 is an unknown value
R14=0x000055c6014908e5 points into unknown readable memory: f3 36 00
R15=0x0000000000000036 is an unknown value


Registers:
RAX=0x00007ff8a95ac000, RBX=0x0000000000000036, RCX=0x000055c6014908e6, RDX=0x0000000000000036
RSP=0x00007ffc48d54060, RBP=0x0000000000000000, RSI=0x000055c5feb58da0, RDI=0x0000000000000005
R8 =0x0000000000000047, R9 =0x000055c5fe7074d0, R10=0x000000000000000a, R11=0x000055c5feb58d60
R12=0x000000000000006f, R13=0x0000000000000057, R14=0x000055c6014908e5, R15=0x0000000000000036
RIP=0x000055c5fe726260, EFLAGS=0x0000000000010216, CSGSFS=0x002b000000000033, ERR=0x0000000000000004
  TRAPNO=0x000000000000000e

Top of Stack: (sp=0x00007ffc48d54060)
0x00007ffc48d54060:   0000000000000001 00007ff800000000
0x00007ffc48d54070:   00007ffc00000001 00007ffc48d54380
0x00007ffc48d54080:   0000000000000080 000055c5fe724aa0
0x00007ffc48d54090:   0000000000000003 000055c5fe724b08 

Instructions: (pc=0x000055c5fe726260)
0x000055c5fe726160:   89 f3 8b 2c 24 4c 8b 74 24 08 e9 75 d7 f3 ff 4c
0x000055c5fe726170:   89 f3 8b 2c 24 4c 8b 74 24 08 e9 65 d7 f3 ff 90
0x000055c5fe726180:   f3 0f 1e fa 41 55 41 54 55 53 48 83 ec 18 48 85
0x000055c5fe726190:   f6 0f 88 7d d8 f3 ff 48 89 fd 48 89 f3 48 83 fe
0x000055c5fe7261a0:   01 75 45 48 85 ff 74 40 48 8d 05 91 98 46 00 48
0x000055c5fe7261b0:   8b 90 38 02 00 00 0f b6 37 48 8b 4a 10 4c 8b a4
0x000055c5fe7261c0:   f1 f0 15 00 00 4d 85 e4 0f 84 03 02 00 00 49 83
0x000055c5fe7261d0:   04 24 01 48 83 c4 18 4c 89 e0 5b 5d 41 5c 41 5d
0x000055c5fe7261e0:   c3 0f 1f 80 00 00 00 00 48 85 db 0f 84 47 01 00
0x000055c5fe7261f0:   00 48 bf de ff ff ff ff ff ff 7f 48 89 da 48 39
0x000055c5fe726200:   fb 0f 8f 67 02 00 00 4c 8b 25 da 2d 43 00 4c 8d
0x000055c5fe726210:   0d bb 12 fe ff 48 8b 3d c4 2d 43 00 4c 8d 6b 21
0x000055c5fe726220:   4d 39 cc 0f 85 d1 01 00 00 49 81 fd 00 02 00 00
0x000055c5fe726230:   0f 87 56 01 00 00 41 8d 7d ff 4c 8d 1d 1f 2b 43
0x000055c5fe726240:   00 c1 ef 04 44 8d 14 3f 4b 8b 04 d3 48 8b 70 10
0x000055c5fe726250:   48 39 f0 0f 84 18 01 00 00 4c 8b 60 08 83 00 01
0x000055c5fe726260:   49 8b 0c 24 48 89 48 08 48 85 c9 0f 84 97 00 00
0x000055c5fe726270:   00 48 8d 3d 08 cf 43 00 49 89 5c 24 10 49 89 7c
0x000055c5fe726280:   24 08 f6 87 a9 00 00 00 02 0f 85 6b d7 f3 ff 4c
0x000055c5fe726290:   8d 1d 62 e1 43 00 41 8b 43 04 85 c0 0f 85 9d 01
0x000055c5fe7262a0:   00 00 49 c7 04 24 01 00 00 00 49 c7 44 24 18 ff
0x000055c5fe7262b0:   ff ff ff 41 c6 44 1c 20 00 48 85 ed 0f 84 11 ff
0x000055c5fe7262c0:   ff ff 49 8d 7c 24 20 48 89 ee e8 c1 46 f3 ff 48
0x000055c5fe7262d0:   83 fb 01 0f 85 fa fe ff ff 48 8d 1d 60 97 46 00
0x000055c5fe7262e0:   48 8b 93 38 02 00 00 48 8b 4a 10 49 83 04 24 01
0x000055c5fe7262f0:   0f b6 6d 00 4c 89 a4 e9 f0 15 00 00 e9 d2 fe ff
0x000055c5fe726300:   ff 0f 1f 80 00 00 00 00 44 8b 68 28 44 3b 68 2c
0x000055c5fe726310:   77 4e 83 c7 01 45 89 e9 c1 e7 04 49 01 c1 44 01
0x000055c5fe726320:   ef 4c 89 48 08 89 78 28 49 c7 01 00 00 00 00 e9
0x000055c5fe726330:   3d ff ff ff 0f 1f 40 00 4c 8d 05 01 97 46 00 4d
0x000055c5fe726340:   8b 88 38 02 00 00 4d 8b 61 10 4d 8b a4 24 e8 15
0x000055c5fe726350:   00 00 e9 77 fe ff ff 66 0f 1f 84 00 00 00 00 00 


Stack slot to memory mapping:
stack at sp + 0 slots: 0x0000000000000001 is an unknown value
stack at sp + 1 slots: 0x00007ff800000000 points into unknown readable memory: 0x00007ff800000030 | 30 00 00 00 f8 7f 00 00
stack at sp + 2 slots: 0x00007ffc00000001 is an unknown value
stack at sp + 3 slots: 0x00007ffc48d54380 is pointing into the stack for thread: 0x000055c600bd1800
stack at sp + 4 slots: 0x0000000000000080 is an unknown value
stack at sp + 5 slots: 0x000055c5fe724aa0: <offset 0x000000000013aaa0> in python3 at 0x000055c5fe5ea000
stack at sp + 6 slots: 0x0000000000000003 is an unknown value
stack at sp + 7 slots: 0x000055c5fe724b08: <offset 0x000000000013ab08> in python3 at 0x000055c5fe5ea000


---------------  P R O C E S S  ---------------

Threads class SMR info:
_java_thread_list=0x00007ff864012490, length=12, elements={
0x000055c600bd1800, 0x000055c600e96000, 0x000055c600e98000, 0x000055c600e9c000,
0x000055c600e9e000, 0x000055c600ea0000, 0x000055c600ea2000, 0x000055c600ea4000,
0x000055c600ede800, 0x00007ff8480be000, 0x00007ff8480c0000, 0x00007ff850001800
}

Java Threads: ( => current thread )
=>0x000055c600bd1800 JavaThread "main" [_thread_in_native, id=186617, stack(0x00007ffc48c59000,0x00007ffc48d59000)]
  0x000055c600e96000 JavaThread "Reference Handler" daemon [_thread_blocked, id=186624, stack(0x00007ff8715fe000,0x00007ff8716fe000)]
  0x000055c600e98000 JavaThread "Finalizer" daemon [_thread_blocked, id=186625, stack(0x00007ff8714fe000,0x00007ff8715fe000)]
  0x000055c600e9c000 JavaThread "Signal Dispatcher" daemon [_thread_blocked, id=186626, stack(0x00007ff8713fe000,0x00007ff8714fe000)]
  0x000055c600e9e000 JavaThread "Service Thread" daemon [_thread_blocked, id=186627, stack(0x00007ff8712fe000,0x00007ff8713fe000)]
  0x000055c600ea0000 JavaThread "C2 CompilerThread0" daemon [_thread_blocked, id=186628, stack(0x00007ff8711fe000,0x00007ff8712fe000)]
  0x000055c600ea2000 JavaThread "C1 CompilerThread0" daemon [_thread_blocked, id=186629, stack(0x00007ff8710fe000,0x00007ff8711fe000)]
  0x000055c600ea4000 JavaThread "Sweeper thread" daemon [_thread_blocked, id=186630, stack(0x00007ff870ffe000,0x00007ff8710fe000)]
  0x000055c600ede800 JavaThread "Common-Cleaner" daemon [_thread_blocked, id=186632, stack(0x00007ff870dfc000,0x00007ff870efc000)]
  0x00007ff8480be000 JavaThread "C2 CompilerThread1" daemon [_thread_blocked, id=186633, stack(0x00007ff870cfc000,0x00007ff870dfc000)]
  0x00007ff8480c0000 JavaThread "C2 CompilerThread2" daemon [_thread_blocked, id=186634, stack(0x00007ff870bfc000,0x00007ff870cfc000)]
  0x00007ff850001800 JavaThread "SIGINT handler" daemon [_thread_blocked, id=186647, stack(0x00007ff80788b000,0x00007ff80798b000)]

Other Threads:
  0x000055c600e93000 VMThread "VM Thread" [stack: 0x00007ff871700000,0x00007ff871800000] [id=186623] _threads_hazard_ptr=0x00007ff864012490
  0x000055c600be9000 GCTaskThread "GC Thread#0" [stack: 0x00007ff8a7c15000,0x00007ff8a7d15000] [id=186618]
  0x00007ff864001800 GCTaskThread "GC Thread#1" [stack: 0x00007ff8709fc000,0x00007ff870afc000] [id=186636]
  0x00007ff864003000 GCTaskThread "GC Thread#2" [stack: 0x00007ff8708fa000,0x00007ff8709fa000] [id=186637]
  0x00007ff864004800 GCTaskThread "GC Thread#3" [stack: 0x00007ff8707f8000,0x00007ff8708f8000] [id=186638]
  0x00007ff864006000 GCTaskThread "GC Thread#4" [stack: 0x00007ff8706f6000,0x00007ff8707f6000] [id=186639]
  0x00007ff864007800 GCTaskThread "GC Thread#5" [stack: 0x00007ff8705f4000,0x00007ff8706f4000] [id=186640]
  0x00007ff864009000 GCTaskThread "GC Thread#6" [stack: 0x00007ff8704f2000,0x00007ff8705f2000] [id=186641]
  0x00007ff86400a800 GCTaskThread "GC Thread#7" [stack: 0x00007ff8703f0000,0x00007ff8704f0000] [id=186642]
  0x00007ff86400c000 GCTaskThread "GC Thread#8" [stack: 0x00007ff8702ee000,0x00007ff8703ee000] [id=186643]
  0x00007ff86400d800 GCTaskThread "GC Thread#9" [stack: 0x00007ff8701ec000,0x00007ff8702ec000] [id=186644]
  0x000055c600c61800 ConcurrentGCThread "G1 Main Marker" [stack: 0x00007ff878dca000,0x00007ff878eca000] [id=186619]
  0x000055c600c63000 ConcurrentGCThread "G1 Conc#0" [stack: 0x00007ff878cc8000,0x00007ff878dc8000] [id=186620]
  0x00007ff874001000 ConcurrentGCThread "G1 Conc#1" [stack: 0x00007ff8700ea000,0x00007ff8701ea000] [id=186645]
  0x00007ff874002800 ConcurrentGCThread "G1 Conc#2" [stack: 0x00007ff807f00000,0x00007ff808000000] [id=186646]
  0x000055c600dee000 ConcurrentGCThread "G1 Refine#0" [stack: 0x00007ff8781bc000,0x00007ff8782bc000] [id=186621]
  0x000055c600def800 ConcurrentGCThread "G1 Young RemSet Sampling" [stack: 0x00007ff8780ba000,0x00007ff8781ba000] [id=186622]

Threads with active compile tasks:

VM state:at safepoint (normal execution)

VM Mutex/Monitor currently owned by a thread:  ([mutex/lock_event])
[0x000055c600bcfb20] Threads_lock - owner thread: 0x000055c600e93000

Heap address: 0x000000060b800000, size: 8008 MB, Compressed Oops mode: Zero based, Oop shift amount: 3
Narrow klass base: 0x0000000800000000, Narrow klass shift: 3
Compressed class space size: 1073741824 Address: 0x0000000840000000

Heap:
 garbage-first heap   total 278528K, used 25844K [0x000000060b800000, 0x0000000800000000)
  region size 2048K, 5 young (10240K), 1 survivors (2048K)
 Metaspace       used 8843K, capacity 10679K, committed 11008K, reserved 1058816K
  class space    used 953K, capacity 1193K, committed 1280K, reserved 1048576K
Heap Regions: E=young(eden), S=young(survivor), O=old, HS=humongous(starts), HC=humongous(continues), CS=collection set, F=free, A=archive, TAMS=top-at-mark-start (previous, next)
|   0|0x000000060b800000, 0x000000060ba00000, 0x000000060ba00000|100%|HS|  |TAMS 0x000000060ba00000, 0x000000060b800000| Complete 
|   1|0x000000060ba00000, 0x000000060bc00000, 0x000000060bc00000|100%|HC|  |TAMS 0x000000060bc00000, 0x000000060ba00000| Complete 
|   2|0x000000060bc00000, 0x000000060bdffff8, 0x000000060be00000| 99%| O|  |TAMS 0x000000060bdffff8, 0x000000060bc00000| Untracked 
|   3|0x000000060be00000, 0x000000060bfffff8, 0x000000060c000000| 99%| O|  |TAMS 0x000000060bfffff8, 0x000000060be00000| Untracked 
|   4|0x000000060c000000, 0x000000060c1ffff8, 0x000000060c200000| 99%| O|  |TAMS 0x000000060c1ffff8, 0x000000060c000000| Untracked 
|   5|0x000000060c200000, 0x000000060c2f0300, 0x000000060c400000| 46%| O|  |TAMS 0x000000060c2f0300, 0x000000060c200000| Complete 
|   6|0x000000060c400000, 0x000000060c600000, 0x000000060c600000|100%|HS|  |TAMS 0x000000060c600000, 0x000000060c400000| Complete 
|   7|0x000000060c600000, 0x000000060c800000, 0x000000060c800000|100%|HC|  |TAMS 0x000000060c800000, 0x000000060c600000| Complete 
|   8|0x000000060c800000, 0x000000060c800000, 0x000000060ca00000|  0%| F|  |TAMS 0x000000060c800000, 0x000000060c800000| Untracked 
|   9|0x000000060ca00000, 0x000000060ca00000, 0x000000060cc00000|  0%| F|  |TAMS 0x000000060ca00000, 0x000000060ca00000| Untracked 
|  10|0x000000060cc00000, 0x000000060cce5538, 0x000000060ce00000| 44%| S|CS|TAMS 0x000000060cc00000, 0x000000060cc00000| Complete 
|  11|0x000000060ce00000, 0x000000060cffffe0, 0x000000060d000000| 99%| O|  |TAMS 0x000000060cffffe0, 0x000000060ce00000| Untracked 
|  12|0x000000060d000000, 0x000000060d000000, 0x000000060d200000|  0%| F|  |TAMS 0x000000060d000000, 0x000000060d000000| Untracked 
|  13|0x000000060d200000, 0x000000060d2b39b8, 0x000000060d400000| 35%| O|  |TAMS 0x000000060d2b39b8, 0x000000060d200000| Complete 
|  14|0x000000060d400000, 0x000000060d400000, 0x000000060d600000|  0%| F|  |TAMS 0x000000060d400000, 0x000000060d400000| Untracked 
|  15|0x000000060d600000, 0x000000060d600000, 0x000000060d800000|  0%| F|  |TAMS 0x000000060d600000, 0x000000060d600000| Untracked 
|  16|0x000000060d800000, 0x000000060d800000, 0x000000060da00000|  0%| F|  |TAMS 0x000000060d800000, 0x000000060d800000| Untracked 
|  17|0x000000060da00000, 0x000000060da00000, 0x000000060dc00000|  0%| F|  |TAMS 0x000000060da00000, 0x000000060da00000| Untracked 
|  18|0x000000060dc00000, 0x000000060dc00000, 0x000000060de00000|  0%| F|  |TAMS 0x000000060dc00000, 0x000000060dc00000| Untracked 
|  19|0x000000060de00000, 0x000000060de00000, 0x000000060e000000|  0%| F|  |TAMS 0x000000060de00000, 0x000000060de00000| Untracked 
|  20|0x000000060e000000, 0x000000060e000000, 0x000000060e200000|  0%| F|  |TAMS 0x000000060e000000, 0x000000060e000000| Untracked 
|  21|0x000000060e200000, 0x000000060e200000, 0x000000060e400000|  0%| F|  |TAMS 0x000000060e200000, 0x000000060e200000| Untracked 
|  22|0x000000060e400000, 0x000000060e400000, 0x000000060e600000|  0%| F|  |TAMS 0x000000060e400000, 0x000000060e400000| Untracked 
|  23|0x000000060e600000, 0x000000060e600000, 0x000000060e800000|  0%| F|  |TAMS 0x000000060e600000, 0x000000060e600000| Untracked 
|  24|0x000000060e800000, 0x000000060e800000, 0x000000060ea00000|  0%| F|  |TAMS 0x000000060e800000, 0x000000060e800000| Untracked 
|  25|0x000000060ea00000, 0x000000060ea00000, 0x000000060ec00000|  0%| F|  |TAMS 0x000000060ea00000, 0x000000060ea00000| Untracked 
|  26|0x000000060ec00000, 0x000000060ec00000, 0x000000060ee00000|  0%| F|  |TAMS 0x000000060ec00000, 0x000000060ec00000| Untracked 
|  27|0x000000060ee00000, 0x000000060ee00000, 0x000000060f000000|  0%| F|  |TAMS 0x000000060ee00000, 0x000000060ee00000| Untracked 
|  28|0x000000060f000000, 0x000000060f000000, 0x000000060f200000|  0%| F|  |TAMS 0x000000060f000000, 0x000000060f000000| Untracked 
|  29|0x000000060f200000, 0x000000060f200000, 0x000000060f400000|  0%| F|  |TAMS 0x000000060f200000, 0x000000060f200000| Untracked 
|  30|0x000000060f400000, 0x000000060f400000, 0x000000060f600000|  0%| F|  |TAMS 0x000000060f400000, 0x000000060f400000| Untracked 
|  31|0x000000060f600000, 0x000000060f600000, 0x000000060f800000|  0%| F|  |TAMS 0x000000060f600000, 0x000000060f600000| Untracked 
|  32|0x000000060f800000, 0x000000060f800000, 0x000000060fa00000|  0%| F|  |TAMS 0x000000060f800000, 0x000000060f800000| Untracked 
|  33|0x000000060fa00000, 0x000000060fa00000, 0x000000060fc00000|  0%| F|  |TAMS 0x000000060fa00000, 0x000000060fa00000| Untracked 
|  34|0x000000060fc00000, 0x000000060fc00000, 0x000000060fe00000|  0%| F|  |TAMS 0x000000060fc00000, 0x000000060fc00000| Untracked 
|  35|0x000000060fe00000, 0x000000060fe00000, 0x0000000610000000|  0%| F|  |TAMS 0x000000060fe00000, 0x000000060fe00000| Untracked 
|  36|0x0000000610000000, 0x0000000610000000, 0x0000000610200000|  0%| F|  |TAMS 0x0000000610000000, 0x0000000610000000| Untracked 
|  37|0x0000000610200000, 0x0000000610200000, 0x0000000610400000|  0%| F|  |TAMS 0x0000000610200000, 0x0000000610200000| Untracked 
|  38|0x0000000610400000, 0x0000000610400000, 0x0000000610600000|  0%| F|  |TAMS 0x0000000610400000, 0x0000000610400000| Untracked 
|  39|0x0000000610600000, 0x0000000610600000, 0x0000000610800000|  0%| F|  |TAMS 0x0000000610600000, 0x0000000610600000| Untracked 
|  40|0x0000000610800000, 0x0000000610800000, 0x0000000610a00000|  0%| F|  |TAMS 0x0000000610800000, 0x0000000610800000| Untracked 
|  41|0x0000000610a00000, 0x0000000610a00000, 0x0000000610c00000|  0%| F|  |TAMS 0x0000000610a00000, 0x0000000610a00000| Untracked 
|  42|0x0000000610c00000, 0x0000000610c00000, 0x0000000610e00000|  0%| F|  |TAMS 0x0000000610c00000, 0x0000000610c00000| Untracked 
|  43|0x0000000610e00000, 0x0000000610e00000, 0x0000000611000000|  0%| F|  |TAMS 0x0000000610e00000, 0x0000000610e00000| Untracked 
|  44|0x0000000611000000, 0x0000000611000000, 0x0000000611200000|  0%| F|  |TAMS 0x0000000611000000, 0x0000000611000000| Untracked 
|  45|0x0000000611200000, 0x0000000611200000, 0x0000000611400000|  0%| F|  |TAMS 0x0000000611200000, 0x0000000611200000| Untracked 
|  46|0x0000000611400000, 0x0000000611400000, 0x0000000611600000|  0%| F|  |TAMS 0x0000000611400000, 0x0000000611400000| Untracked 
|  47|0x0000000611600000, 0x0000000611600000, 0x0000000611800000|  0%| F|  |TAMS 0x0000000611600000, 0x0000000611600000| Untracked 
|  48|0x0000000611800000, 0x0000000611800000, 0x0000000611a00000|  0%| F|  |TAMS 0x0000000611800000, 0x0000000611800000| Untracked 
|  49|0x0000000611a00000, 0x0000000611a00000, 0x0000000611c00000|  0%| F|  |TAMS 0x0000000611a00000, 0x0000000611a00000| Untracked 
|  50|0x0000000611c00000, 0x0000000611c00000, 0x0000000611e00000|  0%| F|  |TAMS 0x0000000611c00000, 0x0000000611c00000| Untracked 
|  51|0x0000000611e00000, 0x0000000611e00000, 0x0000000612000000|  0%| F|  |TAMS 0x0000000611e00000, 0x0000000611e00000| Untracked 
|  52|0x0000000612000000, 0x0000000612000000, 0x0000000612200000|  0%| F|  |TAMS 0x0000000612000000, 0x0000000612000000| Untracked 
|  53|0x0000000612200000, 0x0000000612200000, 0x0000000612400000|  0%| F|  |TAMS 0x0000000612200000, 0x0000000612200000| Untracked 
|  54|0x0000000612400000, 0x0000000612400000, 0x0000000612600000|  0%| F|  |TAMS 0x0000000612400000, 0x0000000612400000| Untracked 
|  55|0x0000000612600000, 0x0000000612600000, 0x0000000612800000|  0%| F|  |TAMS 0x0000000612600000, 0x0000000612600000| Untracked 
|  56|0x0000000612800000, 0x0000000612800000, 0x0000000612a00000|  0%| F|  |TAMS 0x0000000612800000, 0x0000000612800000| Untracked 
|  57|0x0000000612a00000, 0x0000000612a00000, 0x0000000612c00000|  0%| F|  |TAMS 0x0000000612a00000, 0x0000000612a00000| Untracked 
|  58|0x0000000612c00000, 0x0000000612c00000, 0x0000000612e00000|  0%| F|  |TAMS 0x0000000612c00000, 0x0000000612c00000| Untracked 
|  59|0x0000000612e00000, 0x0000000612e00000, 0x0000000613000000|  0%| F|  |TAMS 0x0000000612e00000, 0x0000000612e00000| Untracked 
|  60|0x0000000613000000, 0x0000000613000000, 0x0000000613200000|  0%| F|  |TAMS 0x0000000613000000, 0x0000000613000000| Untracked 
|  61|0x0000000613200000, 0x0000000613200000, 0x0000000613400000|  0%| F|  |TAMS 0x0000000613200000, 0x0000000613200000| Untracked 
|  62|0x0000000613400000, 0x0000000613400000, 0x0000000613600000|  0%| F|  |TAMS 0x0000000613400000, 0x0000000613400000| Untracked 
|  63|0x0000000613600000, 0x0000000613600000, 0x0000000613800000|  0%| F|  |TAMS 0x0000000613600000, 0x0000000613600000| Untracked 
|  64|0x0000000613800000, 0x0000000613800000, 0x0000000613a00000|  0%| F|  |TAMS 0x0000000613800000, 0x0000000613800000| Untracked 
|  65|0x0000000613a00000, 0x0000000613a00000, 0x0000000613c00000|  0%| F|  |TAMS 0x0000000613a00000, 0x0000000613a00000| Untracked 
|  66|0x0000000613c00000, 0x0000000613c00000, 0x0000000613e00000|  0%| F|  |TAMS 0x0000000613c00000, 0x0000000613c00000| Untracked 
|  67|0x0000000613e00000, 0x0000000613e00000, 0x0000000614000000|  0%| F|  |TAMS 0x0000000613e00000, 0x0000000613e00000| Untracked 
|  68|0x0000000614000000, 0x0000000614000000, 0x0000000614200000|  0%| F|  |TAMS 0x0000000614000000, 0x0000000614000000| Untracked 
|  69|0x0000000614200000, 0x0000000614200000, 0x0000000614400000|  0%| F|  |TAMS 0x0000000614200000, 0x0000000614200000| Untracked 
|  70|0x0000000614400000, 0x0000000614400000, 0x0000000614600000|  0%| F|  |TAMS 0x0000000614400000, 0x0000000614400000| Untracked 
|  71|0x0000000614600000, 0x0000000614600000, 0x0000000614800000|  0%| F|  |TAMS 0x0000000614600000, 0x0000000614600000| Untracked 
|  72|0x0000000614800000, 0x0000000614800000, 0x0000000614a00000|  0%| F|  |TAMS 0x0000000614800000, 0x0000000614800000| Untracked 
|  73|0x0000000614a00000, 0x0000000614a00000, 0x0000000614c00000|  0%| F|  |TAMS 0x0000000614a00000, 0x0000000614a00000| Untracked 
|  74|0x0000000614c00000, 0x0000000614c00000, 0x0000000614e00000|  0%| F|  |TAMS 0x0000000614c00000, 0x0000000614c00000| Untracked 
|  75|0x0000000614e00000, 0x0000000614e00000, 0x0000000615000000|  0%| F|  |TAMS 0x0000000614e00000, 0x0000000614e00000| Untracked 
|  76|0x0000000615000000, 0x0000000615000000, 0x0000000615200000|  0%| F|  |TAMS 0x0000000615000000, 0x0000000615000000| Untracked 
|  77|0x0000000615200000, 0x0000000615200000, 0x0000000615400000|  0%| F|  |TAMS 0x0000000615200000, 0x0000000615200000| Untracked 
|  78|0x0000000615400000, 0x0000000615400000, 0x0000000615600000|  0%| F|  |TAMS 0x0000000615400000, 0x0000000615400000| Untracked 
|  79|0x0000000615600000, 0x0000000615600000, 0x0000000615800000|  0%| F|  |TAMS 0x0000000615600000, 0x0000000615600000| Untracked 
|  80|0x0000000615800000, 0x0000000615800000, 0x0000000615a00000|  0%| F|  |TAMS 0x0000000615800000, 0x0000000615800000| Untracked 
|  81|0x0000000615a00000, 0x0000000615a00000, 0x0000000615c00000|  0%| F|  |TAMS 0x0000000615a00000, 0x0000000615a00000| Untracked 
|  82|0x0000000615c00000, 0x0000000615c00000, 0x0000000615e00000|  0%| F|  |TAMS 0x0000000615c00000, 0x0000000615c00000| Untracked 
|  83|0x0000000615e00000, 0x0000000615e00000, 0x0000000616000000|  0%| F|  |TAMS 0x0000000615e00000, 0x0000000615e00000| Untracked 
|  84|0x0000000616000000, 0x0000000616000000, 0x0000000616200000|  0%| F|  |TAMS 0x0000000616000000, 0x0000000616000000| Untracked 
|  85|0x0000000616200000, 0x0000000616200000, 0x0000000616400000|  0%| F|  |TAMS 0x0000000616200000, 0x0000000616200000| Untracked 
|  86|0x0000000616400000, 0x0000000616400000, 0x0000000616600000|  0%| F|  |TAMS 0x0000000616400000, 0x0000000616400000| Untracked 
|  87|0x0000000616600000, 0x0000000616600000, 0x0000000616800000|  0%| F|  |TAMS 0x0000000616600000, 0x0000000616600000| Untracked 
|  88|0x0000000616800000, 0x0000000616800000, 0x0000000616a00000|  0%| F|  |TAMS 0x0000000616800000, 0x0000000616800000| Untracked 
|  89|0x0000000616a00000, 0x0000000616a00000, 0x0000000616c00000|  0%| F|  |TAMS 0x0000000616a00000, 0x0000000616a00000| Untracked 
|  90|0x0000000616c00000, 0x0000000616c00000, 0x0000000616e00000|  0%| F|  |TAMS 0x0000000616c00000, 0x0000000616c00000| Untracked 
|  91|0x0000000616e00000, 0x0000000616e00000, 0x0000000617000000|  0%| F|  |TAMS 0x0000000616e00000, 0x0000000616e00000| Untracked 
|  92|0x0000000617000000, 0x0000000617000000, 0x0000000617200000|  0%| F|  |TAMS 0x0000000617000000, 0x0000000617000000| Untracked 
|  93|0x0000000617200000, 0x0000000617200000, 0x0000000617400000|  0%| F|  |TAMS 0x0000000617200000, 0x0000000617200000| Untracked 
|  94|0x0000000617400000, 0x0000000617400000, 0x0000000617600000|  0%| F|  |TAMS 0x0000000617400000, 0x0000000617400000| Untracked 
|  95|0x0000000617600000, 0x0000000617600000, 0x0000000617800000|  0%| F|  |TAMS 0x0000000617600000, 0x0000000617600000| Untracked 
|  96|0x0000000617800000, 0x0000000617800000, 0x0000000617a00000|  0%| F|  |TAMS 0x0000000617800000, 0x0000000617800000| Untracked 
|  97|0x0000000617a00000, 0x0000000617a00000, 0x0000000617c00000|  0%| F|  |TAMS 0x0000000617a00000, 0x0000000617a00000| Untracked 
|  98|0x0000000617c00000, 0x0000000617c00000, 0x0000000617e00000|  0%| F|  |TAMS 0x0000000617c00000, 0x0000000617c00000| Untracked 
|  99|0x0000000617e00000, 0x0000000617e00000, 0x0000000618000000|  0%| F|  |TAMS 0x0000000617e00000, 0x0000000617e00000| Untracked 
| 100|0x0000000618000000, 0x0000000618000000, 0x0000000618200000|  0%| F|  |TAMS 0x0000000618000000, 0x0000000618000000| Untracked 
| 101|0x0000000618200000, 0x0000000618200000, 0x0000000618400000|  0%| F|  |TAMS 0x0000000618200000, 0x0000000618200000| Untracked 
| 102|0x0000000618400000, 0x0000000618400000, 0x0000000618600000|  0%| F|  |TAMS 0x0000000618400000, 0x0000000618400000| Untracked 
| 103|0x0000000618600000, 0x0000000618600000, 0x0000000618800000|  0%| F|  |TAMS 0x0000000618600000, 0x0000000618600000| Untracked 
| 104|0x0000000618800000, 0x0000000618800000, 0x0000000618a00000|  0%| F|  |TAMS 0x0000000618800000, 0x0000000618800000| Untracked 
| 105|0x0000000618a00000, 0x0000000618a00000, 0x0000000618c00000|  0%| F|  |TAMS 0x0000000618a00000, 0x0000000618a00000| Untracked 
| 106|0x0000000618c00000, 0x0000000618c00000, 0x0000000618e00000|  0%| F|  |TAMS 0x0000000618c00000, 0x0000000618c00000| Untracked 
| 107|0x0000000618e00000, 0x0000000618e00000, 0x0000000619000000|  0%| F|  |TAMS 0x0000000618e00000, 0x0000000618e00000| Untracked 
| 108|0x0000000619000000, 0x0000000619000000, 0x0000000619200000|  0%| F|  |TAMS 0x0000000619000000, 0x0000000619000000| Untracked 
| 109|0x0000000619200000, 0x0000000619200000, 0x0000000619400000|  0%| F|  |TAMS 0x0000000619200000, 0x0000000619200000| Untracked 
| 110|0x0000000619400000, 0x0000000619400000, 0x0000000619600000|  0%| F|  |TAMS 0x0000000619400000, 0x0000000619400000| Untracked 
| 111|0x0000000619600000, 0x0000000619600000, 0x0000000619800000|  0%| F|  |TAMS 0x0000000619600000, 0x0000000619600000| Untracked 
| 112|0x0000000619800000, 0x0000000619800000, 0x0000000619a00000|  0%| F|  |TAMS 0x0000000619800000, 0x0000000619800000| Untracked 
| 113|0x0000000619a00000, 0x0000000619a00000, 0x0000000619c00000|  0%| F|  |TAMS 0x0000000619a00000, 0x0000000619a00000| Untracked 
| 114|0x0000000619c00000, 0x0000000619c00000, 0x0000000619e00000|  0%| F|  |TAMS 0x0000000619c00000, 0x0000000619c00000| Untracked 
| 115|0x0000000619e00000, 0x0000000619e00000, 0x000000061a000000|  0%| F|  |TAMS 0x0000000619e00000, 0x0000000619e00000| Untracked 
| 116|0x000000061a000000, 0x000000061a000000, 0x000000061a200000|  0%| F|  |TAMS 0x000000061a000000, 0x000000061a000000| Untracked 
| 117|0x000000061a200000, 0x000000061a200000, 0x000000061a400000|  0%| F|  |TAMS 0x000000061a200000, 0x000000061a200000| Untracked 
| 118|0x000000061a400000, 0x000000061a400000, 0x000000061a600000|  0%| F|  |TAMS 0x000000061a400000, 0x000000061a400000| Untracked 
| 119|0x000000061a600000, 0x000000061a600000, 0x000000061a800000|  0%| F|  |TAMS 0x000000061a600000, 0x000000061a600000| Untracked 
| 120|0x000000061a800000, 0x000000061a800000, 0x000000061aa00000|  0%| F|  |TAMS 0x000000061a800000, 0x000000061a800000| Untracked 
| 121|0x000000061aa00000, 0x000000061aa00000, 0x000000061ac00000|  0%| F|  |TAMS 0x000000061aa00000, 0x000000061aa00000| Untracked 
| 122|0x000000061ac00000, 0x000000061ac00000, 0x000000061ae00000|  0%| F|  |TAMS 0x000000061ac00000, 0x000000061ac00000| Untracked 
| 123|0x000000061ae00000, 0x000000061ae00000, 0x000000061b000000|  0%| F|  |TAMS 0x000000061ae00000, 0x000000061ae00000| Untracked 
| 124|0x000000061b000000, 0x000000061b000000, 0x000000061b200000|  0%| F|  |TAMS 0x000000061b000000, 0x000000061b000000| Untracked 
| 125|0x000000061b200000, 0x000000061b200000, 0x000000061b400000|  0%| F|  |TAMS 0x000000061b200000, 0x000000061b200000| Untracked 
| 126|0x000000061b400000, 0x000000061b400000, 0x000000061b600000|  0%| F|  |TAMS 0x000000061b400000, 0x000000061b400000| Untracked 
| 127|0x000000061b600000, 0x000000061b600000, 0x000000061b800000|  0%| F|  |TAMS 0x000000061b600000, 0x000000061b600000| Untracked 
| 128|0x000000061b800000, 0x000000061b800000, 0x000000061ba00000|  0%| F|  |TAMS 0x000000061b800000, 0x000000061b800000| Untracked 
| 129|0x000000061ba00000, 0x000000061ba00000, 0x000000061bc00000|  0%| F|  |TAMS 0x000000061ba00000, 0x000000061ba00000| Untracked 
| 130|0x000000061bc00000, 0x000000061bd63d98, 0x000000061be00000| 69%| E|  |TAMS 0x000000061bc00000, 0x000000061bc00000| Complete 
| 131|0x000000061be00000, 0x000000061c000000, 0x000000061c000000|100%| E|CS|TAMS 0x000000061be00000, 0x000000061be00000| Complete 
| 132|0x000000061c000000, 0x000000061c200000, 0x000000061c200000|100%| E|CS|TAMS 0x000000061c000000, 0x000000061c000000| Complete 
| 133|0x000000061c200000, 0x000000061c400000, 0x000000061c400000|100%| E|CS|TAMS 0x000000061c200000, 0x000000061c200000| Complete 
|3490|0x00000007bfc00000, 0x00000007bfc48000, 0x00000007bfe00000| 14%|OA|  |TAMS 0x00000007bfc48000, 0x00000007bfc00000| Untracked 
|3491|0x00000007bfe00000, 0x00000007bfe6c000, 0x00000007c0000000| 21%|CA|  |TAMS 0x00000007bfe6c000, 0x00000007bfe00000| Untracked 

Card table byte_map: [0x00007ff8899b1000,0x00007ff88a955000] _byte_map_base: 0x00007ff886955000

Marking Bits (Prev, Next): (CMBitMap*) 0x000055c600c50b28, (CMBitMap*) 0x000055c600c50b60
 Prev Bits: [0x00007ff880ced000, 0x00007ff888a0d000)
 Next Bits: [0x00007ff878fcd000, 0x00007ff880ced000)

Polling page: 0x00007ff8ab228000

Metaspace:

Usage:
  Non-class:      9.26 MB capacity,     7.70 MB ( 83%) used,     1.55 MB ( 17%) free+waste,    11.62 KB ( <1%) overhead. 
      Class:      1.17 MB capacity,   953.88 KB ( 80%) used,   233.87 KB ( 20%) free+waste,     5.25 KB ( <1%) overhead. 
       Both:     10.43 MB capacity,     8.64 MB ( 83%) used,     1.78 MB ( 17%) free+waste,    16.88 KB ( <1%) overhead. 

Virtual space:
  Non-class space:       10.00 MB reserved,       9.50 MB ( 95%) committed 
      Class space:        1.00 GB reserved,       1.25 MB ( <1%) committed 
             Both:        1.01 GB reserved,      10.75 MB (  1%) committed 

Chunk freelists:
   Non-Class:  70.00 KB
       Class:  23.00 KB
        Both:  93.00 KB

MaxMetaspaceSize: unlimited
CompressedClassSpaceSize: 1.00 GB
Initial GC threshold: 20.80 MB
Current GC threshold: 20.80 MB
CDS: on

CodeHeap 'non-profiled nmethods': size=120032Kb used=697Kb max_used=697Kb free=119334Kb
 bounds [0x00007ff897ec8000, 0x00007ff898138000, 0x00007ff89f400000]
CodeHeap 'profiled nmethods': size=120028Kb used=2872Kb max_used=2872Kb free=117155Kb
 bounds [0x00007ff890991000, 0x00007ff890c61000, 0x00007ff897ec8000]
CodeHeap 'non-nmethods': size=5700Kb used=1161Kb max_used=1192Kb free=4538Kb
 bounds [0x00007ff890400000, 0x00007ff890670000, 0x00007ff890991000]
 total_blobs=1973 nmethods=1554 adapters=332
 compilation: enabled
              stopped_count=0, restarted_count=0
 full_count=0

Compilation events (20 events):
Event: 0.825 Thread 0x00007ff8480c0000 nmethod 1541 0x00007ff897f74010 code [0x00007ff897f741c0, 0x00007ff897f743d8]
Event: 0.825 Thread 0x000055c600ea0000 1546       4       java.util.concurrent.ConcurrentHashMap$ValueIterator::next (34 bytes)
Event: 0.825 Thread 0x00007ff8480c0000 1547       4       java.lang.reflect.Method::equals (69 bytes)
Event: 0.825 Thread 0x000055c600ea2000 1548       3       org.jpype.manager.TypeManager::findClassForObject (45 bytes)
Event: 0.826 Thread 0x000055c600ea2000 nmethod 1548 0x00007ff890c59e10 code [0x00007ff890c5a140, 0x00007ff890c5b540]
Event: 0.826 Thread 0x000055c600ea2000 1549   !   3       org.jpype.JPypeContext::clearInterrupt (44 bytes)
Event: 0.826 Thread 0x000055c600ea2000 nmethod 1549 0x00007ff890c5bb90 code [0x00007ff890c5bd80, 0x00007ff890c5c1b0]
Event: 0.826 Thread 0x000055c600ea2000 1550       3       java.lang.reflect.Proxy::isProxyClass (22 bytes)
Event: 0.827 Thread 0x000055c600ea2000 nmethod 1550 0x00007ff890c5c390 code [0x00007ff890c5c660, 0x00007ff890c5d680]
Event: 0.827 Thread 0x00007ff8480c0000 nmethod 1547 0x00007ff897f74590 code [0x00007ff897f74740, 0x00007ff897f74938]
Event: 0.827 Thread 0x00007ff8480c0000 1551       4       jdk.internal.loader.BuiltinClassLoader::moduleReaderFor (45 bytes)
Event: 0.828 Thread 0x000055c600ea0000 nmethod 1546 0x00007ff897f74b10 code [0x00007ff897f74cc0, 0x00007ff897f75118]
Event: 0.828 Thread 0x00007ff8480be000 nmethod 1545 0x00007ff897f75310 code [0x00007ff897f754e0, 0x00007ff897f759e8]
Event: 0.828 Thread 0x000055c600ea2000 1552       3       java.util.HashMap$ValueIterator::next (8 bytes)
Event: 0.829 Thread 0x000055c600ea2000 nmethod 1552 0x00007ff890c5db90 code [0x00007ff890c5dd40, 0x00007ff890c5dea0]
Event: 0.829 Thread 0x000055c600ea2000 1553       3       org.jpype.manager.TypeManager$Destroyer::add (101 bytes)
Event: 0.829 Thread 0x000055c600ea2000 nmethod 1553 0x00007ff890c5df90 code [0x00007ff890c5e1c0, 0x00007ff890c5e820]
Event: 0.829 Thread 0x000055c600ea2000 1554       3       org.jpype.manager.TypeManager$Destroyer::add (39 bytes)
Event: 0.829 Thread 0x000055c600ea2000 nmethod 1554 0x00007ff890c5eb10 code [0x00007ff890c5ece0, 0x00007ff890c5efe0]
Event: 0.829 Thread 0x00007ff8480c0000 nmethod 1551 0x00007ff897f75e10 code [0x00007ff897f75fe0, 0x00007ff897f762f8]

GC Heap History (18 events):
Event: 0.225 GC heap before
{Heap before GC invocations=0 (full 0):
 garbage-first heap   total 518144K, used 6864K [0x000000060b800000, 0x0000000800000000)
  region size 2048K, 2 young (4096K), 0 survivors (0K)
 Metaspace       used 1322K, capacity 4692K, committed 4864K, reserved 1056768K
  class space    used 126K, capacity 434K, committed 512K, reserved 1048576K
}
Event: 0.227 GC heap after
{Heap after GC invocations=1 (full 1):
 garbage-first heap   total 40960K, used 5847K [0x000000060b800000, 0x0000000800000000)
  region size 2048K, 0 young (0K), 0 survivors (0K)
 Metaspace       used 1322K, capacity 4692K, committed 4864K, reserved 1056768K
  class space    used 126K, capacity 434K, committed 512K, reserved 1048576K
}
Event: 0.305 GC heap before
{Heap before GC invocations=1 (full 1):
 garbage-first heap   total 40960K, used 18135K [0x000000060b800000, 0x0000000800000000)
  region size 2048K, 6 young (12288K), 0 survivors (0K)
 Metaspace       used 2045K, capacity 4881K, committed 5120K, reserved 1056768K
  class space    used 181K, capacity 450K, committed 512K, reserved 1048576K
}
Event: 0.306 GC heap after
{Heap after GC invocations=2 (full 1):
 garbage-first heap   total 40960K, used 7207K [0x000000060b800000, 0x0000000800000000)
  region size 2048K, 1 young (2048K), 1 survivors (2048K)
 Metaspace       used 2045K, capacity 4881K, committed 5120K, reserved 1056768K
  class space    used 181K, capacity 450K, committed 512K, reserved 1048576K
}
Event: 0.327 GC heap before
{Heap before GC invocations=2 (full 1):
 garbage-first heap   total 40960K, used 21543K [0x000000060b800000, 0x0000000800000000)
  region size 2048K, 8 young (16384K), 1 survivors (2048K)
 Metaspace       used 2064K, capacity 4881K, committed 5120K, reserved 1056768K
  class space    used 181K, capacity 450K, committed 512K, reserved 1048576K
}
Event: 0.329 GC heap after
{Heap after GC invocations=3 (full 1):
 garbage-first heap   total 40960K, used 8783K [0x000000060b800000, 0x0000000800000000)
  region size 2048K, 1 young (2048K), 1 survivors (2048K)
 Metaspace       used 2064K, capacity 4881K, committed 5120K, reserved 1056768K
  class space    used 181K, capacity 450K, committed 512K, reserved 1048576K
}
Event: 0.348 GC heap before
{Heap before GC invocations=3 (full 1):
 garbage-first heap   total 40960K, used 19023K [0x000000060b800000, 0x0000000800000000)
  region size 2048K, 7 young (14336K), 1 survivors (2048K)
 Metaspace       used 2112K, capacity 4882K, committed 5120K, reserved 1056768K
  class space    used 181K, capacity 450K, committed 512K, reserved 1048576K
}
Event: 0.355 GC heap after
{Heap after GC invocations=4 (full 2):
 garbage-first heap   total 40960K, used 9929K [0x000000060b800000, 0x0000000800000000)
  region size 2048K, 0 young (0K), 0 survivors (0K)
 Metaspace       used 2112K, capacity 4882K, committed 5120K, reserved 1056768K
  class space    used 181K, capacity 450K, committed 512K, reserved 1048576K
}
Event: 0.360 GC heap before
{Heap before GC invocations=4 (full 2):
 garbage-first heap   total 40960K, used 9929K [0x000000060b800000, 0x0000000800000000)
  region size 2048K, 1 young (2048K), 0 survivors (0K)
 Metaspace       used 2120K, capacity 4882K, committed 5120K, reserved 1056768K
  class space    used 183K, capacity 450K, committed 512K, reserved 1048576K
}
Event: 0.365 GC heap after
{Heap after GC invocations=5 (full 3):
 garbage-first heap   total 40960K, used 9934K [0x000000060b800000, 0x0000000800000000)
  region size 2048K, 0 young (0K), 0 survivors (0K)
 Metaspace       used 2120K, capacity 4882K, committed 5120K, reserved 1056768K
  class space    used 183K, capacity 450K, committed 512K, reserved 1048576K
}
Event: 0.378 GC heap before
{Heap before GC invocations=5 (full 3):
 garbage-first heap   total 40960K, used 9934K [0x000000060b800000, 0x0000000800000000)
  region size 2048K, 1 young (2048K), 0 survivors (0K)
 Metaspace       used 2448K, capacity 5052K, committed 5120K, reserved 1056768K
  class space    used 221K, capacity 488K, committed 512K, reserved 1048576K
}
Event: 0.379 GC heap after
{Heap after GC invocations=6 (full 3):
 garbage-first heap   total 40960K, used 10214K [0x000000060b800000, 0x0000000800000000)
  region size 2048K, 1 young (2048K), 1 survivors (2048K)
 Metaspace       used 2448K, capacity 5052K, committed 5120K, reserved 1056768K
  class space    used 221K, capacity 488K, committed 512K, reserved 1048576K
}
Event: 0.452 GC heap before
{Heap before GC invocations=7 (full 3):
 garbage-first heap   total 40960K, used 16358K [0x000000060b800000, 0x0000000800000000)
  region size 2048K, 4 young (8192K), 1 survivors (2048K)
 Metaspace       used 2830K, capacity 5175K, committed 5376K, reserved 1056768K
  class space    used 270K, capacity 509K, committed 512K, reserved 1048576K
}
Event: 0.459 GC heap after
{Heap after GC invocations=8 (full 4):
 garbage-first heap   total 40960K, used 18783K [0x000000060b800000, 0x0000000800000000)
  region size 2048K, 0 young (0K), 0 survivors (0K)
 Metaspace       used 2830K, capacity 5175K, committed 5376K, reserved 1056768K
  class space    used 270K, capacity 509K, committed 512K, reserved 1048576K
}
Event: 0.580 GC heap before
{Heap before GC invocations=8 (full 4):
 garbage-first heap   total 40960K, used 24927K [0x000000060b800000, 0x0000000800000000)
  region size 2048K, 4 young (8192K), 0 survivors (0K)
 Metaspace       used 4685K, capacity 6795K, committed 7168K, reserved 1056768K
  class space    used 384K, capacity 645K, committed 768K, reserved 1048576K
}
Event: 0.581 GC heap after
{Heap after GC invocations=9 (full 4):
 garbage-first heap   total 40960K, used 19496K [0x000000060b800000, 0x0000000800000000)
  region size 2048K, 1 young (2048K), 1 survivors (2048K)
 Metaspace       used 4685K, capacity 6795K, committed 7168K, reserved 1056768K
  class space    used 384K, capacity 645K, committed 768K, reserved 1048576K
}
Event: 0.713 GC heap before
{Heap before GC invocations=10 (full 4):
 garbage-first heap   total 40960K, used 25640K [0x000000060b800000, 0x0000000800000000)
  region size 2048K, 5 young (10240K), 1 survivors (2048K)
 Metaspace       used 6814K, capacity 8817K, committed 9088K, reserved 1056768K
  class space    used 544K, capacity 806K, committed 896K, reserved 1048576K
}
Event: 0.714 GC heap after
{Heap after GC invocations=11 (full 4):
 garbage-first heap   total 278528K, used 19700K [0x000000060b800000, 0x0000000800000000)
  region size 2048K, 1 young (2048K), 1 survivors (2048K)
 Metaspace       used 6814K, capacity 8817K, committed 9088K, reserved 1056768K
  class space    used 544K, capacity 806K, committed 896K, reserved 1048576K
}

Deoptimization events (20 events):
Event: 0.507 Thread 0x000055c600bd1800 Uncommon trap: trap_request=0xffffffde fr.pc=0x00007ff897f2f0ac relative=0x000000000000020c
Event: 0.507 Thread 0x000055c600bd1800 Uncommon trap: reason=class_check action=maybe_recompile pc=0x00007ff897f2f0ac method=java.util.zip.InflaterInputStream.read([BII)I @ 100 c2
Event: 0.507 Thread 0x000055c600bd1800 DEOPT PACKING pc=0x00007ff897f2f0ac sp=0x00007ffc48d51820
Event: 0.507 Thread 0x000055c600bd1800 DEOPT UNPACKING pc=0x00007ff890449ea5 sp=0x00007ffc48d517e0 mode 2
Event: 0.507 Thread 0x000055c600bd1800 Uncommon trap: trap_request=0xffffff4d fr.pc=0x00007ff897f30194 relative=0x00000000000004f4
Event: 0.507 Thread 0x000055c600bd1800 Uncommon trap: reason=unstable_if action=reinterpret pc=0x00007ff897f30194 method=java.util.zip.Inflater.inflate([BII)I @ 327 c2
Event: 0.507 Thread 0x000055c600bd1800 DEOPT PACKING pc=0x00007ff897f30194 sp=0x00007ffc48d51750
Event: 0.507 Thread 0x000055c600bd1800 DEOPT UNPACKING pc=0x00007ff890449ea5 sp=0x00007ffc48d51700 mode 2
Event: 0.507 Thread 0x000055c600bd1800 Uncommon trap: trap_request=0xffffff4d fr.pc=0x00007ff897f2f0d8 relative=0x0000000000000238
Event: 0.507 Thread 0x000055c600bd1800 Uncommon trap: reason=unstable_if action=reinterpret pc=0x00007ff897f2f0d8 method=java.util.zip.InflaterInputStream.read([BII)I @ 69 c2
Event: 0.507 Thread 0x000055c600bd1800 DEOPT PACKING pc=0x00007ff897f2f0d8 sp=0x00007ffc48d518d0
Event: 0.507 Thread 0x000055c600bd1800 DEOPT UNPACKING pc=0x00007ff890449ea5 sp=0x00007ffc48d51890 mode 2
Event: 0.551 Thread 0x000055c600bd1800 DEOPT PACKING pc=0x00007ff8909d6e4f sp=0x00007ffc48d50df0
Event: 0.551 Thread 0x000055c600bd1800 DEOPT UNPACKING pc=0x00007ff89044a64a sp=0x00007ffc48d502b0 mode 0
Event: 0.642 Thread 0x000055c600bd1800 DEOPT PACKING pc=0x00007ff890b803b0 sp=0x00007ffc48d518f0
Event: 0.642 Thread 0x000055c600bd1800 DEOPT UNPACKING pc=0x00007ff89044a64a sp=0x00007ffc48d50d68 mode 0
Event: 0.699 Thread 0x000055c600bd1800 Uncommon trap: trap_request=0xffffff4d fr.pc=0x00007ff897ee2f00 relative=0x0000000000000620
Event: 0.699 Thread 0x000055c600bd1800 Uncommon trap: reason=unstable_if action=reinterpret pc=0x00007ff897ee2f00 method=java.lang.PublicMethods$MethodList.filter([Ljava/lang/reflect/Method;Ljava/lang/String;[Ljava/lang/Class;Z)Ljava/lang/PublicMethods$MethodList; @ 58 c2
Event: 0.699 Thread 0x000055c600bd1800 DEOPT PACKING pc=0x00007ff897ee2f00 sp=0x00007ffc48d50620
Event: 0.699 Thread 0x000055c600bd1800 DEOPT UNPACKING pc=0x00007ff890449ea5 sp=0x00007ffc48d505d0 mode 2

Classes redefined (0 events):
No events

Internal exceptions (5 events):
Event: 0.156 Thread 0x000055c600bd1800 Exception <a 'java/lang/NoClassDefFoundError'{0x000000062ac6d858}: org/jpype/classloader/DynamicClassLoader> (0x000000062ac6d858) thrown at [./src/hotspot/share/classfile/systemDictionary.cpp, line 219]
Event: 0.431 Thread 0x000055c600bd1800 Exception <a 'java/lang/NoSuchMethodError'{0x000000060d4e9278}: 'java.lang.Object java.lang.invoke.DirectMethodHandle$Holder.invokeStatic(java.lang.Object, int, java.lang.Object)'> (0x000000060d4e9278) thrown at [./src/hotspot/share/interpreter/linkResolver.cpp, line 772]
Event: 0.446 Thread 0x000055c600bd1800 Implicit null exception at 0x00007ff897f0e62c to 0x00007ff897f0e75a
Event: 0.827 Thread 0x000055c600f5c000 Exception <a 'java/lang/InterruptedException'{0x000000061c2323f0}> (0x000000061c2323f0) thrown at [./src/hotspot/share/runtime/objectMonitor.cpp, line 1635]
Event: 0.828 Thread 0x000055c600bd1800 Exception <a 'org/jpype/PyExceptionProxy'{0x000000061bd368f0}> (0x000000061bd368f0) thrown at [./src/hotspot/share/prims/jni.cpp, line 617]

Events (20 events):
Event: 0.825 loading class org/ergoplatform/appkit/impl/ErgoTreeContract done
Event: 0.826 loading class org/ergoplatform/appkit/impl/UnsignedTransactionImpl
Event: 0.826 loading class org/ergoplatform/appkit/impl/UnsignedTransactionImpl done
Event: 0.826 loading class org/ergoplatform/appkit/impl/ErgoProverImpl
Event: 0.826 loading class org/ergoplatform/appkit/impl/ErgoProverImpl done
Event: 0.827 loading class org/ergoplatform/appkit/impl/InputBoxImpl
Event: 0.827 loading class org/ergoplatform/appkit/impl/InputBoxImpl done
Event: 0.827 loading class org/ergoplatform/restapi/client/ErgoTransactionOutput
Event: 0.827 loading class org/ergoplatform/restapi/client/ErgoTransactionOutput done
Event: 0.827 Executing VM operation: ThreadDump
Event: 0.827 Executing VM operation: ThreadDump done
Event: 0.827 Executing VM operation: RevokeBias
Event: 0.827 Executing VM operation: RevokeBias done
Event: 0.827 Executing VM operation: RevokeBias
Event: 0.827 Executing VM operation: RevokeBias done
Event: 0.828 Thread 0x000055c600f5c000 Thread exited: 0x000055c600f5c000
Event: 0.828 loading class com/google/gson/Gson
Event: 0.828 loading class com/google/gson/Gson done
Event: 0.829 Thread 0x00007ff7f8001800 Thread exited: 0x00007ff7f8001800
Event: 0.830 Executing VM operation: Exit


Dynamic libraries:
60b800000-61c400000 rw-p 00000000 00:00 0 
61c400000-7bfc00000 ---p 00000000 00:00 0 
7bfc00000-7bfc48000 rw-p 00b13000 08:01 7471957                          /usr/lib/jvm/java-11-openjdk-amd64/lib/server/classes.jsa
7bfc48000-7bfe00000 rw-p 00000000 00:00 0 
7bfe00000-7bfe6c000 rw-p 00aa7000 08:01 7471957                          /usr/lib/jvm/java-11-openjdk-amd64/lib/server/classes.jsa
7bfe6c000-7c0000000 rw-p 00000000 00:00 0 
7c0000000-800000000 ---p 00000000 00:00 0 
800000000-800002000 rwxp 00001000 08:01 7471957                          /usr/lib/jvm/java-11-openjdk-amd64/lib/server/classes.jsa
800002000-8003ce000 rw-p 00003000 08:01 7471957                          /usr/lib/jvm/java-11-openjdk-amd64/lib/server/classes.jsa
8003ce000-800aa5000 r--p 003cf000 08:01 7471957                          /usr/lib/jvm/java-11-openjdk-amd64/lib/server/classes.jsa
800aa5000-800aa6000 rw-p 00aa6000 08:01 7471957                          /usr/lib/jvm/java-11-openjdk-amd64/lib/server/classes.jsa
840000000-840140000 rw-p 00000000 00:00 0 
840140000-880000000 ---p 00000000 00:00 0 
55c5fe5ea000-55c5fe657000 r--p 00000000 08:01 6817998                    /usr/local/sbin/python3
55c5fe657000-55c5fe90b000 r-xp 0006d000 08:01 6817998                    /usr/local/sbin/python3
55c5fe90b000-55c5feb49000 r--p 00321000 08:01 6817998                    /usr/local/sbin/python3
55c5feb4a000-55c5feb51000 r--p 0055f000 08:01 6817998                    /usr/local/sbin/python3
55c5feb51000-55c5feb90000 rw-p 00566000 08:01 6817998                    /usr/local/sbin/python3
55c5feb90000-55c5febd6000 rw-p 00000000 00:00 0 
55c600700000-55c601491000 rw-p 00000000 00:00 0                          [heap]
7ff7f8000000-7ff7f8021000 rw-p 00000000 00:00 0 
7ff7f8021000-7ff7fc000000 ---p 00000000 00:00 0 
7ff7fc000000-7ff7fc034000 rw-p 00000000 00:00 0 
7ff7fc034000-7ff800000000 ---p 00000000 00:00 0 
7ff800000000-7ff800021000 rw-p 00000000 00:00 0 
7ff800021000-7ff804000000 ---p 00000000 00:00 0 
7ff8073c3000-7ff8073d2000 r--p 00000000 08:01 6036017                    /usr/lib/x86_64-linux-gnu/libgcrypt.so.20.3.4
7ff8073d2000-7ff8074b8000 r-xp 0000f000 08:01 6036017                    /usr/lib/x86_64-linux-gnu/libgcrypt.so.20.3.4
7ff8074b8000-7ff8074f6000 r--p 000f5000 08:01 6036017                    /usr/lib/x86_64-linux-gnu/libgcrypt.so.20.3.4
7ff8074f6000-7ff8074f7000 ---p 00133000 08:01 6036017                    /usr/lib/x86_64-linux-gnu/libgcrypt.so.20.3.4
7ff8074f7000-7ff8074fa000 r--p 00133000 08:01 6036017                    /usr/lib/x86_64-linux-gnu/libgcrypt.so.20.3.4
7ff8074fa000-7ff807500000 rw-p 00136000 08:01 6036017                    /usr/lib/x86_64-linux-gnu/libgcrypt.so.20.3.4
7ff807500000-7ff807501000 rw-p 00000000 00:00 0 
7ff807501000-7ff807514000 r--p 00000000 08:01 6030497                    /usr/lib/x86_64-linux-gnu/libsystemd.so.0.32.0
7ff807514000-7ff807593000 r-xp 00013000 08:01 6030497                    /usr/lib/x86_64-linux-gnu/libsystemd.so.0.32.0
7ff807593000-7ff8075be000 r--p 00092000 08:01 6030497                    /usr/lib/x86_64-linux-gnu/libsystemd.so.0.32.0
7ff8075be000-7ff8075bf000 ---p 000bd000 08:01 6030497                    /usr/lib/x86_64-linux-gnu/libsystemd.so.0.32.0
7ff8075bf000-7ff8075c6000 r--p 000bd000 08:01 6030497                    /usr/lib/x86_64-linux-gnu/libsystemd.so.0.32.0
7ff8075c6000-7ff8075c7000 rw-p 000c4000 08:01 6030497                    /usr/lib/x86_64-linux-gnu/libsystemd.so.0.32.0
7ff8075c7000-7ff8075c8000 rw-p 00000000 00:00 0 
7ff8075c8000-7ff8075fe000 r--p 00000000 08:01 6032639                    /usr/lib/x86_64-linux-gnu/libapt-pkg.so.6.0.0
7ff8075fe000-7ff80773b000 r-xp 00036000 08:01 6032639                    /usr/lib/x86_64-linux-gnu/libapt-pkg.so.6.0.0
7ff80773b000-7ff807783000 r--p 00173000 08:01 6032639                    /usr/lib/x86_64-linux-gnu/libapt-pkg.so.6.0.0
7ff807783000-7ff80778a000 r--p 001ba000 08:01 6032639                    /usr/lib/x86_64-linux-gnu/libapt-pkg.so.6.0.0
7ff80778a000-7ff80778b000 rw-p 001c1000 08:01 6032639                    /usr/lib/x86_64-linux-gnu/libapt-pkg.so.6.0.0
7ff80778b000-7ff80778f000 ---p 00000000 00:00 0 
7ff80778f000-7ff80788b000 rw-p 00000000 00:00 0 
7ff80788b000-7ff80788f000 ---p 00000000 00:00 0 
7ff80788f000-7ff807b0b000 rw-p 00000000 00:00 0 
7ff807b0b000-7ff807b8b000 ---p 00000000 00:00 0 
7ff807b8b000-7ff807efe000 rw-p 00000000 00:00 0 
7ff807efe000-7ff807eff000 ---p 00000000 00:00 0 
7ff807eff000-7ff808000000 rw-p 00000000 00:00 0 
7ff808000000-7ff808021000 rw-p 00000000 00:00 0 
7ff808021000-7ff80c000000 ---p 00000000 00:00 0 
7ff80c000000-7ff80c021000 rw-p 00000000 00:00 0 
7ff80c021000-7ff810000000 ---p 00000000 00:00 0 
7ff810000000-7ff810021000 rw-p 00000000 00:00 0 
7ff810021000-7ff814000000 ---p 00000000 00:00 0 
7ff814000000-7ff814021000 rw-p 00000000 00:00 0 
7ff814021000-7ff818000000 ---p 00000000 00:00 0 
7ff818000000-7ff818021000 rw-p 00000000 00:00 0 
7ff818021000-7ff81c000000 ---p 00000000 00:00 0 
7ff81c000000-7ff81c021000 rw-p 00000000 00:00 0 
7ff81c021000-7ff820000000 ---p 00000000 00:00 0 
7ff820000000-7ff820021000 rw-p 00000000 00:00 0 
7ff820021000-7ff824000000 ---p 00000000 00:00 0 
7ff824000000-7ff824025000 rw-p 00000000 00:00 0 
7ff824025000-7ff828000000 ---p 00000000 00:00 0 
7ff828000000-7ff828021000 rw-p 00000000 00:00 0 
7ff828021000-7ff82c000000 ---p 00000000 00:00 0 
7ff82c000000-7ff82c021000 rw-p 00000000 00:00 0 
7ff82c021000-7ff830000000 ---p 00000000 00:00 0 
7ff830000000-7ff830e23000 rw-p 00000000 00:00 0 
7ff830e23000-7ff834000000 ---p 00000000 00:00 0 
7ff834000000-7ff834021000 rw-p 00000000 00:00 0 
7ff834021000-7ff838000000 ---p 00000000 00:00 0 
7ff838000000-7ff838021000 rw-p 00000000 00:00 0 
7ff838021000-7ff83c000000 ---p 00000000 00:00 0 
7ff83c000000-7ff83ccce000 rw-p 00000000 00:00 0 
7ff83ccce000-7ff840000000 ---p 00000000 00:00 0 
7ff840000000-7ff840021000 rw-p 00000000 00:00 0 
7ff840021000-7ff844000000 ---p 00000000 00:00 0 
7ff844000000-7ff844021000 rw-p 00000000 00:00 0 
7ff844021000-7ff848000000 ---p 00000000 00:00 0 
7ff848000000-7ff848f00000 rw-p 00000000 00:00 0 
7ff848f00000-7ff84c000000 ---p 00000000 00:00 0 
7ff84c000000-7ff84c505000 rw-p 00000000 00:00 0 
7ff84c505000-7ff850000000 ---p 00000000 00:00 0 
7ff850000000-7ff850021000 rw-p 00000000 00:00 0 
7ff850021000-7ff854000000 ---p 00000000 00:00 0 
7ff854000000-7ff854021000 rw-p 00000000 00:00 0 
7ff854021000-7ff858000000 ---p 00000000 00:00 0 
7ff858000000-7ff858021000 rw-p 00000000 00:00 0 
7ff858021000-7ff85c000000 ---p 00000000 00:00 0 
7ff85c000000-7ff85c021000 rw-p 00000000 00:00 0 
7ff85c021000-7ff860000000 ---p 00000000 00:00 0 
7ff860000000-7ff860021000 rw-p 00000000 00:00 0 
7ff860021000-7ff864000000 ---p 00000000 00:00 0 
7ff864000000-7ff864818000 rw-p 00000000 00:00 0 
7ff864818000-7ff868000000 ---p 00000000 00:00 0 
7ff868000000-7ff868021000 rw-p 00000000 00:00 0 
7ff868021000-7ff86c000000 ---p 00000000 00:00 0 
7ff86c000000-7ff86c021000 rw-p 00000000 00:00 0 
7ff86c021000-7ff870000000 ---p 00000000 00:00 0 
7ff870019000-7ff870023000 r--p 00000000 08:01 6032169                    /usr/lib/x86_64-linux-gnu/libzstd.so.1.4.8
7ff870023000-7ff8700d5000 r-xp 0000a000 08:01 6032169                    /usr/lib/x86_64-linux-gnu/libzstd.so.1.4.8
7ff8700d5000-7ff8700e6000 r--p 000bc000 08:01 6032169                    /usr/lib/x86_64-linux-gnu/libzstd.so.1.4.8
7ff8700e6000-7ff8700e7000 r--p 000cc000 08:01 6032169                    /usr/lib/x86_64-linux-gnu/libzstd.so.1.4.8
7ff8700e7000-7ff8700e8000 rw-p 000cd000 08:01 6032169                    /usr/lib/x86_64-linux-gnu/libzstd.so.1.4.8
7ff8700e8000-7ff8700e9000 ---p 00000000 00:00 0 
7ff8700e9000-7ff8701ea000 rw-p 00000000 00:00 0 
7ff8701ea000-7ff8701eb000 ---p 00000000 00:00 0 
7ff8701eb000-7ff8702ec000 rw-p 00000000 00:00 0 
7ff8702ec000-7ff8702ed000 ---p 00000000 00:00 0 
7ff8702ed000-7ff8703ee000 rw-p 00000000 00:00 0 
7ff8703ee000-7ff8703ef000 ---p 00000000 00:00 0 
7ff8703ef000-7ff8704f0000 rw-p 00000000 00:00 0 
7ff8704f0000-7ff8704f1000 ---p 00000000 00:00 0 
7ff8704f1000-7ff8705f2000 rw-p 00000000 00:00 0 
7ff8705f2000-7ff8705f3000 ---p 00000000 00:00 0 
7ff8705f3000-7ff8706f4000 rw-p 00000000 00:00 0 
7ff8706f4000-7ff8706f5000 ---p 00000000 00:00 0 
7ff8706f5000-7ff8707f6000 rw-p 00000000 00:00 0 
7ff8707f6000-7ff8707f7000 ---p 00000000 00:00 0 
7ff8707f7000-7ff8708f8000 rw-p 00000000 00:00 0 
7ff8708f8000-7ff8708f9000 ---p 00000000 00:00 0 
7ff8708f9000-7ff8709fa000 rw-p 00000000 00:00 0 
7ff8709fa000-7ff8709fb000 ---p 00000000 00:00 0 
7ff8709fb000-7ff870afc000 rw-p 00000000 00:00 0 
7ff870afc000-7ff870b00000 ---p 00000000 00:00 0 
7ff870b00000-7ff870bfc000 rw-p 00000000 00:00 0 
7ff870bfc000-7ff870c00000 ---p 00000000 00:00 0 
7ff870c00000-7ff870cfc000 rw-p 00000000 00:00 0 
7ff870cfc000-7ff870d00000 ---p 00000000 00:00 0 
7ff870d00000-7ff870dfc000 rw-p 00000000 00:00 0 
7ff870dfc000-7ff870e00000 ---p 00000000 00:00 0 
7ff870e00000-7ff870efc000 rw-p 00000000 00:00 0 
7ff870efc000-7ff870efd000 ---p 00000000 00:00 0 
7ff870efd000-7ff870ffe000 rw-p 00000000 00:00 0 
7ff870ffe000-7ff871002000 ---p 00000000 00:00 0 
7ff871002000-7ff8710fe000 rw-p 00000000 00:00 0 
7ff8710fe000-7ff871102000 ---p 00000000 00:00 0 
7ff871102000-7ff8711fe000 rw-p 00000000 00:00 0 
7ff8711fe000-7ff871202000 ---p 00000000 00:00 0 
7ff871202000-7ff8712fe000 rw-p 00000000 00:00 0 
7ff8712fe000-7ff871302000 ---p 00000000 00:00 0 
7ff871302000-7ff8713fe000 rw-p 00000000 00:00 0 
7ff8713fe000-7ff871402000 ---p 00000000 00:00 0 
7ff871402000-7ff8714fe000 rw-p 00000000 00:00 0 
7ff8714fe000-7ff871502000 ---p 00000000 00:00 0 
7ff871502000-7ff8715fe000 rw-p 00000000 00:00 0 
7ff8715fe000-7ff871602000 ---p 00000000 00:00 0 
7ff871602000-7ff8716fe000 rw-p 00000000 00:00 0 
7ff8716fe000-7ff8716ff000 ---p 00000000 00:00 0 
7ff8716ff000-7ff874000000 rw-p 00000000 00:00 0 
7ff874000000-7ff874021000 rw-p 00000000 00:00 0 
7ff874021000-7ff878000000 ---p 00000000 00:00 0 
7ff8780b8000-7ff8780b9000 ---p 00000000 00:00 0 
7ff8780b9000-7ff8781ba000 rw-p 00000000 00:00 0 
7ff8781ba000-7ff8781bb000 ---p 00000000 00:00 0 
7ff8781bb000-7ff878cc6000 rw-p 00000000 00:00 0 
7ff878cc6000-7ff878cc7000 ---p 00000000 00:00 0 
7ff878cc7000-7ff878dc8000 rw-p 00000000 00:00 0 
7ff878dc8000-7ff878dc9000 ---p 00000000 00:00 0 
7ff878dc9000-7ff8793fd000 rw-p 00000000 00:00 0 
7ff8793fd000-7ff87fcdd000 ---p 00000000 00:00 0 
7ff87fcdd000-7ff87fced000 rw-p 00000000 00:00 0 
7ff87fced000-7ff880ced000 ---p 00000000 00:00 0 
7ff880ced000-7ff88111d000 rw-p 00000000 00:00 0 
7ff88111d000-7ff8879fd000 ---p 00000000 00:00 0 
7ff8879fd000-7ff887a0d000 rw-p 00000000 00:00 0 
7ff887a0d000-7ff888a0d000 ---p 00000000 00:00 0 
7ff888a0d000-7ff888a93000 rw-p 00000000 00:00 0 
7ff888a93000-7ff8897af000 ---p 00000000 00:00 0 
7ff8897af000-7ff8897b1000 rw-p 00000000 00:00 0 
7ff8897b1000-7ff8899b1000 ---p 00000000 00:00 0 
7ff8899b1000-7ff889a37000 rw-p 00000000 00:00 0 
7ff889a37000-7ff88a753000 ---p 00000000 00:00 0 
7ff88a753000-7ff88a755000 rw-p 00000000 00:00 0 
7ff88a755000-7ff88a955000 ---p 00000000 00:00 0 
7ff88a955000-7ff88a9db000 rw-p 00000000 00:00 0 
7ff88a9db000-7ff88b6f7000 ---p 00000000 00:00 0 
7ff88b6f7000-7ff88b6f9000 rw-p 00000000 00:00 0 
7ff88b6f9000-7ff88b8f9000 ---p 00000000 00:00 0 
7ff88b8f9000-7ff88c000000 rw-p 00000000 00:00 0 
7ff88c000000-7ff88c021000 rw-p 00000000 00:00 0 
7ff88c021000-7ff890000000 ---p 00000000 00:00 0 
7ff8900a7000-7ff8900bc000 r--p 00000000 08:01 6559122                    /usr/lib/python3/dist-packages/apt_pkg.cpython-310-x86_64-linux-gnu.so
7ff8900bc000-7ff8900db000 r-xp 00015000 08:01 6559122                    /usr/lib/python3/dist-packages/apt_pkg.cpython-310-x86_64-linux-gnu.so
7ff8900db000-7ff8900f2000 r--p 00034000 08:01 6559122                    /usr/lib/python3/dist-packages/apt_pkg.cpython-310-x86_64-linux-gnu.so
7ff8900f2000-7ff8900f4000 r--p 0004a000 08:01 6559122                    /usr/lib/python3/dist-packages/apt_pkg.cpython-310-x86_64-linux-gnu.so
7ff8900f4000-7ff8900fd000 rw-p 0004c000 08:01 6559122                    /usr/lib/python3/dist-packages/apt_pkg.cpython-310-x86_64-linux-gnu.so
7ff8900fd000-7ff890400000 rw-p 00000000 00:00 0 
7ff890400000-7ff890670000 rwxp 00000000 00:00 0 
7ff890670000-7ff890991000 ---p 00000000 00:00 0 
7ff890991000-7ff890c61000 rwxp 00000000 00:00 0 
7ff890c61000-7ff897ec8000 ---p 00000000 00:00 0 
7ff897ec8000-7ff898138000 rwxp 00000000 00:00 0 
7ff898138000-7ff89f400000 ---p 00000000 00:00 0 
7ff89f400000-7ff8a7c0f000 r--s 00000000 08:01 6948105                    /usr/lib/jvm/java-11-openjdk-amd64/lib/modules
7ff8a7c13000-7ff8a7c14000 ---p 00000000 00:00 0 
7ff8a7c14000-7ff8a7d1a000 rw-p 00000000 00:00 0 
7ff8a7d1a000-7ff8a7e00000 ---p 00000000 00:00 0 
7ff8a7e00000-7ff8a8082000 r--p 00000000 08:01 7471843                    /usr/lib/jvm/java-11-openjdk-amd64/lib/server/libjvm.so
7ff8a8082000-7ff8a8d1f000 r-xp 00282000 08:01 7471843                    /usr/lib/jvm/java-11-openjdk-amd64/lib/server/libjvm.so
7ff8a8d1f000-7ff8a8f7a000 r--p 00f1f000 08:01 7471843                    /usr/lib/jvm/java-11-openjdk-amd64/lib/server/libjvm.so
7ff8a8f7a000-7ff8a8f7b000 ---p 0117a000 08:01 7471843                    /usr/lib/jvm/java-11-openjdk-amd64/lib/server/libjvm.so
7ff8a8f7b000-7ff8a903f000 r--p 0117a000 08:01 7471843                    /usr/lib/jvm/java-11-openjdk-amd64/lib/server/libjvm.so
7ff8a903f000-7ff8a907a000 rw-p 0123e000 08:01 7471843                    /usr/lib/jvm/java-11-openjdk-amd64/lib/server/libjvm.so
7ff8a907a000-7ff8a90d1000 rw-p 00000000 00:00 0 
7ff8a90da000-7ff8a90de000 r--p 00000000 08:01 6037665                    /usr/lib/x86_64-linux-gnu/libgpg-error.so.0.32.1
7ff8a90de000-7ff8a90f4000 r-xp 00004000 08:01 6037665                    /usr/lib/x86_64-linux-gnu/libgpg-error.so.0.32.1
7ff8a90f4000-7ff8a90fe000 r--p 0001a000 08:01 6037665                    /usr/lib/x86_64-linux-gnu/libgpg-error.so.0.32.1
7ff8a90fe000-7ff8a90ff000 r--p 00023000 08:01 6037665                    /usr/lib/x86_64-linux-gnu/libgpg-error.so.0.32.1
7ff8a90ff000-7ff8a9100000 rw-p 00024000 08:01 6037665                    /usr/lib/x86_64-linux-gnu/libgpg-error.so.0.32.1
7ff8a9100000-7ff8a9102000 r--p 00000000 08:01 6032347                    /usr/lib/x86_64-linux-gnu/libxxhash.so.0.8.1
7ff8a9102000-7ff8a9111000 r-xp 00002000 08:01 6032347                    /usr/lib/x86_64-linux-gnu/libxxhash.so.0.8.1
7ff8a9111000-7ff8a9113000 r--p 00011000 08:01 6032347                    /usr/lib/x86_64-linux-gnu/libxxhash.so.0.8.1
7ff8a9113000-7ff8a9114000 r--p 00012000 08:01 6032347                    /usr/lib/x86_64-linux-gnu/libxxhash.so.0.8.1
7ff8a9114000-7ff8a9115000 rw-p 00013000 08:01 6032347                    /usr/lib/x86_64-linux-gnu/libxxhash.so.0.8.1
7ff8a9115000-7ff8a911b000 rw-p 00000000 00:00 0 
7ff8a911b000-7ff8a9200000 ---p 00000000 00:00 0 
7ff8a9200000-7ff8a929a000 r--p 00000000 08:01 6029623                    /usr/lib/x86_64-linux-gnu/libstdc++.so.6.0.30
7ff8a929a000-7ff8a93ab000 r-xp 0009a000 08:01 6029623                    /usr/lib/x86_64-linux-gnu/libstdc++.so.6.0.30
7ff8a93ab000-7ff8a941a000 r--p 001ab000 08:01 6029623                    /usr/lib/x86_64-linux-gnu/libstdc++.so.6.0.30
7ff8a941a000-7ff8a941b000 ---p 0021a000 08:01 6029623                    /usr/lib/x86_64-linux-gnu/libstdc++.so.6.0.30
7ff8a941b000-7ff8a9426000 r--p 0021a000 08:01 6029623                    /usr/lib/x86_64-linux-gnu/libstdc++.so.6.0.30
7ff8a9426000-7ff8a9429000 rw-p 00225000 08:01 6029623                    /usr/lib/x86_64-linux-gnu/libstdc++.so.6.0.30
7ff8a9429000-7ff8a942c000 rw-p 00000000 00:00 0 
7ff8a9435000-7ff8a9439000 r--p 00000000 08:01 6029627                    /usr/lib/x86_64-linux-gnu/libudev.so.1.7.2
7ff8a9439000-7ff8a9453000 r-xp 00004000 08:01 6029627                    /usr/lib/x86_64-linux-gnu/libudev.so.1.7.2
7ff8a9453000-7ff8a945c000 r--p 0001e000 08:01 6029627                    /usr/lib/x86_64-linux-gnu/libudev.so.1.7.2
7ff8a945c000-7ff8a945d000 ---p 00027000 08:01 6029627                    /usr/lib/x86_64-linux-gnu/libudev.so.1.7.2
7ff8a945d000-7ff8a945e000 r--p 00027000 08:01 6029627                    /usr/lib/x86_64-linux-gnu/libudev.so.1.7.2
7ff8a945e000-7ff8a945f000 rw-p 00028000 08:01 6029627                    /usr/lib/x86_64-linux-gnu/libudev.so.1.7.2
7ff8a945f000-7ff8a9461000 r--p 00000000 08:01 6029453                    /usr/lib/x86_64-linux-gnu/liblz4.so.1.9.3
7ff8a9461000-7ff8a947a000 r-xp 00002000 08:01 6029453                    /usr/lib/x86_64-linux-gnu/liblz4.so.1.9.3
7ff8a947a000-7ff8a947c000 r--p 0001b000 08:01 6029453                    /usr/lib/x86_64-linux-gnu/liblz4.so.1.9.3
7ff8a947c000-7ff8a947d000 ---p 0001d000 08:01 6029453                    /usr/lib/x86_64-linux-gnu/liblz4.so.1.9.3
7ff8a947d000-7ff8a947e000 r--p 0001d000 08:01 6029453                    /usr/lib/x86_64-linux-gnu/liblz4.so.1.9.3
7ff8a947e000-7ff8a947f000 rw-p 0001e000 08:01 6029453                    /usr/lib/x86_64-linux-gnu/liblz4.so.1.9.3
7ff8a947f000-7ff8a9600000 rw-p 00000000 00:00 0 
7ff8a9600000-7ff8a96a5000 r-xp 00000000 08:02 7244395                    /home/ryan/.local/lib/python3.10/site-packages/_jpype.cpython-310-x86_64-linux-gnu.so
7ff8a96a5000-7ff8a98a4000 ---p 000a5000 08:02 7244395                    /home/ryan/.local/lib/python3.10/site-packages/_jpype.cpython-310-x86_64-linux-gnu.so
7ff8a98a4000-7ff8a98a8000 r--p 000a4000 08:02 7244395                    /home/ryan/.local/lib/python3.10/site-packages/_jpype.cpython-310-x86_64-linux-gnu.so
7ff8a98a8000-7ff8a98ac000 rw-p 000a8000 08:02 7244395                    /home/ryan/.local/lib/python3.10/site-packages/_jpype.cpython-310-x86_64-linux-gnu.so
7ff8a98ce000-7ff8a98d2000 r--p 00000000 08:01 6948095                    /usr/lib/jvm/java-11-openjdk-amd64/lib/libnet.so
7ff8a98d2000-7ff8a98e0000 r-xp 00004000 08:01 6948095                    /usr/lib/jvm/java-11-openjdk-amd64/lib/libnet.so
7ff8a98e0000-7ff8a98e4000 r--p 00012000 08:01 6948095                    /usr/lib/jvm/java-11-openjdk-amd64/lib/libnet.so
7ff8a98e4000-7ff8a98e5000 r--p 00015000 08:01 6948095                    /usr/lib/jvm/java-11-openjdk-amd64/lib/libnet.so
7ff8a98e5000-7ff8a98e6000 rw-p 00016000 08:01 6948095                    /usr/lib/jvm/java-11-openjdk-amd64/lib/libnet.so
7ff8a98e6000-7ff8a9941000 rw-p 00000000 00:00 0 
7ff8a9941000-7ff8a994f000 r--p 00000000 08:01 6948083                    /usr/lib/jvm/java-11-openjdk-amd64/lib/libjava.so
7ff8a994f000-7ff8a9965000 r-xp 0000e000 08:01 6948083                    /usr/lib/jvm/java-11-openjdk-amd64/lib/libjava.so
7ff8a9965000-7ff8a996c000 r--p 00024000 08:01 6948083                    /usr/lib/jvm/java-11-openjdk-amd64/lib/libjava.so
7ff8a996c000-7ff8a996d000 r--p 0002a000 08:01 6948083                    /usr/lib/jvm/java-11-openjdk-amd64/lib/libjava.so
7ff8a996d000-7ff8a996e000 rw-p 0002b000 08:01 6948083                    /usr/lib/jvm/java-11-openjdk-amd64/lib/libjava.so
7ff8a996e000-7ff8a9c00000 rw-p 00000000 00:00 0 
7ff8a9c00000-7ff8a9c0a000 r-xp 00000000 08:02 7219816                    /home/ryan/.local/lib/python3.10/site-packages/simplejson/_speedups.cpython-310-x86_64-linux-gnu.so
7ff8a9c0a000-7ff8a9e09000 ---p 0000a000 08:02 7219816                    /home/ryan/.local/lib/python3.10/site-packages/simplejson/_speedups.cpython-310-x86_64-linux-gnu.so
7ff8a9e09000-7ff8a9e0a000 r--p 00009000 08:02 7219816                    /home/ryan/.local/lib/python3.10/site-packages/simplejson/_speedups.cpython-310-x86_64-linux-gnu.so
7ff8a9e0a000-7ff8a9e0b000 rw-p 0000a000 08:02 7219816                    /home/ryan/.local/lib/python3.10/site-packages/simplejson/_speedups.cpython-310-x86_64-linux-gnu.so
7ff8a9e0e000-7ff8a9e11000 r--p 00000000 08:01 6029395                    /usr/lib/x86_64-linux-gnu/libcap.so.2.44
7ff8a9e11000-7ff8a9e15000 r-xp 00003000 08:01 6029395                    /usr/lib/x86_64-linux-gnu/libcap.so.2.44
7ff8a9e15000-7ff8a9e17000 r--p 00007000 08:01 6029395                    /usr/lib/x86_64-linux-gnu/libcap.so.2.44
7ff8a9e17000-7ff8a9e18000 r--p 00008000 08:01 6029395                    /usr/lib/x86_64-linux-gnu/libcap.so.2.44
7ff8a9e18000-7ff8a9e19000 rw-p 00009000 08:01 6029395                    /usr/lib/x86_64-linux-gnu/libcap.so.2.44
7ff8a9e19000-7ff8a9e20000 r--p 00000000 08:01 6948096                    /usr/lib/jvm/java-11-openjdk-amd64/lib/libnio.so
7ff8a9e20000-7ff8a9e28000 r-xp 00007000 08:01 6948096                    /usr/lib/jvm/java-11-openjdk-amd64/lib/libnio.so
7ff8a9e28000-7ff8a9e2b000 r--p 0000f000 08:01 6948096                    /usr/lib/jvm/java-11-openjdk-amd64/lib/libnio.so
7ff8a9e2b000-7ff8a9e2c000 r--p 00011000 08:01 6948096                    /usr/lib/jvm/java-11-openjdk-amd64/lib/libnio.so
7ff8a9e2c000-7ff8a9e2d000 rw-p 00012000 08:01 6948096                    /usr/lib/jvm/java-11-openjdk-amd64/lib/libnio.so
7ff8a9e2d000-7ff8a9e32000 r--p 00000000 08:01 6035421                    /usr/lib/x86_64-linux-gnu/libmpdec.so.2.5.1
7ff8a9e32000-7ff8a9e53000 r-xp 00005000 08:01 6035421                    /usr/lib/x86_64-linux-gnu/libmpdec.so.2.5.1
7ff8a9e53000-7ff8a9e5a000 r--p 00026000 08:01 6035421                    /usr/lib/x86_64-linux-gnu/libmpdec.so.2.5.1
7ff8a9e5a000-7ff8a9e5b000 r--p 0002c000 08:01 6035421                    /usr/lib/x86_64-linux-gnu/libmpdec.so.2.5.1
7ff8a9e5b000-7ff8a9e5c000 rw-p 0002d000 08:01 6035421                    /usr/lib/x86_64-linux-gnu/libmpdec.so.2.5.1
7ff8a9e5c000-7ff8aa05c000 rw-p 00000000 00:00 0 
7ff8aa05c000-7ff8aa07a000 r--p 00000000 08:01 6068099                    /usr/lib/x86_64-linux-gnu/libssl.so.3
7ff8aa07a000-7ff8aa0d5000 r-xp 0001e000 08:01 6068099                    /usr/lib/x86_64-linux-gnu/libssl.so.3
7ff8aa0d5000-7ff8aa0f2000 r--p 00079000 08:01 6068099                    /usr/lib/x86_64-linux-gnu/libssl.so.3
7ff8aa0f2000-7ff8aa0fc000 r--p 00095000 08:01 6068099                    /usr/lib/x86_64-linux-gnu/libssl.so.3
7ff8aa0fc000-7ff8aa100000 rw-p 0009f000 08:01 6068099                    /usr/lib/x86_64-linux-gnu/libssl.so.3
7ff8aa100000-7ff8aa200000 rw-p 00000000 00:00 0 
7ff8aa200000-7ff8aa2b2000 r--p 00000000 08:01 6032938                    /usr/lib/x86_64-linux-gnu/libcrypto.so.3
7ff8aa2b2000-7ff8aa50f000 r-xp 000b2000 08:01 6032938                    /usr/lib/x86_64-linux-gnu/libcrypto.so.3
7ff8aa50f000-7ff8aa5e1000 r--p 0030f000 08:01 6032938                    /usr/lib/x86_64-linux-gnu/libcrypto.so.3
7ff8aa5e1000-7ff8aa63c000 r--p 003e0000 08:01 6032938                    /usr/lib/x86_64-linux-gnu/libcrypto.so.3
7ff8aa63c000-7ff8aa63f000 rw-p 0043b000 08:01 6032938                    /usr/lib/x86_64-linux-gnu/libcrypto.so.3
7ff8aa63f000-7ff8aa642000 rw-p 00000000 00:00 0 
7ff8aa64a000-7ff8aa64f000 rw-p 00000000 00:00 0 
7ff8aa64f000-7ff8aa656000 ---p 00000000 00:00 0 
7ff8aa656000-7ff8aa658000 r--p 00000000 08:01 6948104                    /usr/lib/jvm/java-11-openjdk-amd64/lib/libzip.so
7ff8aa658000-7ff8aa65d000 r-xp 00002000 08:01 6948104                    /usr/lib/jvm/java-11-openjdk-amd64/lib/libzip.so
7ff8aa65d000-7ff8aa65f000 r--p 00007000 08:01 6948104                    /usr/lib/jvm/java-11-openjdk-amd64/lib/libzip.so
7ff8aa65f000-7ff8aa660000 r--p 00008000 08:01 6948104                    /usr/lib/jvm/java-11-openjdk-amd64/lib/libzip.so
7ff8aa660000-7ff8aa661000 rw-p 00009000 08:01 6948104                    /usr/lib/jvm/java-11-openjdk-amd64/lib/libzip.so
7ff8aa661000-7ff8aa664000 r--p 00000000 08:01 6030384                    /usr/lib/x86_64-linux-gnu/libgcc_s.so.1
7ff8aa664000-7ff8aa67b000 r-xp 00003000 08:01 6030384                    /usr/lib/x86_64-linux-gnu/libgcc_s.so.1
7ff8aa67b000-7ff8aa67f000 r--p 0001a000 08:01 6030384                    /usr/lib/x86_64-linux-gnu/libgcc_s.so.1
7ff8aa67f000-7ff8aa680000 r--p 0001d000 08:01 6030384                    /usr/lib/x86_64-linux-gnu/libgcc_s.so.1
7ff8aa680000-7ff8aa681000 rw-p 0001e000 08:01 6030384                    /usr/lib/x86_64-linux-gnu/libgcc_s.so.1
7ff8aa681000-7ff8aa689000 r--p 00000000 08:01 6033774                    /usr/lib/python3.10/lib-dynload/_decimal.cpython-310-x86_64-linux-gnu.so
7ff8aa689000-7ff8aa69e000 r-xp 00008000 08:01 6033774                    /usr/lib/python3.10/lib-dynload/_decimal.cpython-310-x86_64-linux-gnu.so
7ff8aa69e000-7ff8aa6aa000 r--p 0001d000 08:01 6033774                    /usr/lib/python3.10/lib-dynload/_decimal.cpython-310-x86_64-linux-gnu.so
7ff8aa6aa000-7ff8aa6ab000 r--p 00028000 08:01 6033774                    /usr/lib/python3.10/lib-dynload/_decimal.cpython-310-x86_64-linux-gnu.so
7ff8aa6ab000-7ff8aa6ae000 rw-p 00029000 08:01 6033774                    /usr/lib/python3.10/lib-dynload/_decimal.cpython-310-x86_64-linux-gnu.so
7ff8aa6ae000-7ff8aa6c0000 r--p 00000000 08:01 6034990                    /usr/lib/python3.10/lib-dynload/_ssl.cpython-310-x86_64-linux-gnu.so
7ff8aa6c0000-7ff8aa6cd000 r-xp 00012000 08:01 6034990                    /usr/lib/python3.10/lib-dynload/_ssl.cpython-310-x86_64-linux-gnu.so
7ff8aa6cd000-7ff8aa6db000 r--p 0001f000 08:01 6034990                    /usr/lib/python3.10/lib-dynload/_ssl.cpython-310-x86_64-linux-gnu.so
7ff8aa6db000-7ff8aa6dc000 r--p 0002c000 08:01 6034990                    /usr/lib/python3.10/lib-dynload/_ssl.cpython-310-x86_64-linux-gnu.so
7ff8aa6dc000-7ff8aa6e5000 rw-p 0002d000 08:01 6034990                    /usr/lib/python3.10/lib-dynload/_ssl.cpython-310-x86_64-linux-gnu.so
7ff8aa6e5000-7ff8aa6eb000 r--p 00000000 08:01 6068101                    /usr/lib/x86_64-linux-gnu/ossl-modules/legacy.so
7ff8aa6eb000-7ff8aa6f6000 r-xp 00006000 08:01 6068101                    /usr/lib/x86_64-linux-gnu/ossl-modules/legacy.so
7ff8aa6f6000-7ff8aa6fa000 r--p 00011000 08:01 6068101                    /usr/lib/x86_64-linux-gnu/ossl-modules/legacy.so
7ff8aa6fa000-7ff8aa6fb000 ---p 00015000 08:01 6068101                    /usr/lib/x86_64-linux-gnu/ossl-modules/legacy.so
7ff8aa6fb000-7ff8aa6ff000 r--p 00015000 08:01 6068101                    /usr/lib/x86_64-linux-gnu/ossl-modules/legacy.so
7ff8aa6ff000-7ff8aa700000 rw-p 00019000 08:01 6068101                    /usr/lib/x86_64-linux-gnu/ossl-modules/legacy.so
7ff8aa700000-7ff8aaa00000 rw-p 00000000 00:00 0 
7ff8aaa00000-7ff8aaf73000 r--p 00000000 08:01 6031048                    /usr/lib/locale/locale-archive
7ff8aaf79000-7ff8aaf7c000 r--p 00000000 08:01 6032208                    /usr/lib/x86_64-linux-gnu/liblzma.so.5.2.5
7ff8aaf7c000-7ff8aaf97000 r-xp 00003000 08:01 6032208                    /usr/lib/x86_64-linux-gnu/liblzma.so.5.2.5
7ff8aaf97000-7ff8aafa2000 r--p 0001e000 08:01 6032208                    /usr/lib/x86_64-linux-gnu/liblzma.so.5.2.5
7ff8aafa2000-7ff8aafa3000 r--p 00028000 08:01 6032208                    /usr/lib/x86_64-linux-gnu/liblzma.so.5.2.5
7ff8aafa3000-7ff8aafa4000 rw-p 00029000 08:01 6032208                    /usr/lib/x86_64-linux-gnu/liblzma.so.5.2.5
7ff8aafa4000-7ff8aafa6000 r--p 00000000 08:01 6029445                    /usr/lib/x86_64-linux-gnu/libbz2.so.1.0.4
7ff8aafa6000-7ff8aafb3000 r-xp 00002000 08:01 6029445                    /usr/lib/x86_64-linux-gnu/libbz2.so.1.0.4
7ff8aafb3000-7ff8aafb5000 r--p 0000f000 08:01 6029445                    /usr/lib/x86_64-linux-gnu/libbz2.so.1.0.4
7ff8aafb5000-7ff8aafb6000 r--p 00010000 08:01 6029445                    /usr/lib/x86_64-linux-gnu/libbz2.so.1.0.4
7ff8aafb6000-7ff8aafb7000 rw-p 00011000 08:01 6029445                    /usr/lib/x86_64-linux-gnu/libbz2.so.1.0.4
7ff8aafbb000-7ff8aafc3000 rw-s 00000000 08:01 5112826                    /tmp/hsperfdata_ryan/186617
7ff8aafc3000-7ff8aafc8000 r--p 00000000 08:01 6948103                    /usr/lib/jvm/java-11-openjdk-amd64/lib/libverify.so
7ff8aafc8000-7ff8aafcf000 r-xp 00005000 08:01 6948103                    /usr/lib/jvm/java-11-openjdk-amd64/lib/libverify.so
7ff8aafcf000-7ff8aafd1000 r--p 0000c000 08:01 6948103                    /usr/lib/jvm/java-11-openjdk-amd64/lib/libverify.so
7ff8aafd1000-7ff8aafd3000 r--p 0000d000 08:01 6948103                    /usr/lib/jvm/java-11-openjdk-amd64/lib/libverify.so
7ff8aafd3000-7ff8aafd4000 rw-p 0000f000 08:01 6948103                    /usr/lib/jvm/java-11-openjdk-amd64/lib/libverify.so
7ff8aafd4000-7ff8aafd5000 r--p 00000000 08:01 6031493                    /usr/lib/x86_64-linux-gnu/libdl.so.2
7ff8aafd5000-7ff8aafd6000 r-xp 00001000 08:01 6031493                    /usr/lib/x86_64-linux-gnu/libdl.so.2
7ff8aafd6000-7ff8aafd7000 r--p 00002000 08:01 6031493                    /usr/lib/x86_64-linux-gnu/libdl.so.2
7ff8aafd7000-7ff8aafd8000 r--p 00002000 08:01 6031493                    /usr/lib/x86_64-linux-gnu/libdl.so.2
7ff8aafd8000-7ff8aafd9000 rw-p 00003000 08:01 6031493                    /usr/lib/x86_64-linux-gnu/libdl.so.2
7ff8aafe0000-7ff8aafe2000 r--p 00000000 08:01 6948087                    /usr/lib/jvm/java-11-openjdk-amd64/lib/libjimage.so
7ff8aafe2000-7ff8aafe5000 r-xp 00002000 08:01 6948087                    /usr/lib/jvm/java-11-openjdk-amd64/lib/libjimage.so
7ff8aafe5000-7ff8aafe6000 r--p 00005000 08:01 6948087                    /usr/lib/jvm/java-11-openjdk-amd64/lib/libjimage.so
7ff8aafe6000-7ff8aafe7000 ---p 00006000 08:01 6948087                    /usr/lib/jvm/java-11-openjdk-amd64/lib/libjimage.so
7ff8aafe7000-7ff8aafe8000 r--p 00006000 08:01 6948087                    /usr/lib/jvm/java-11-openjdk-amd64/lib/libjimage.so
7ff8aafe8000-7ff8aafe9000 rw-p 00007000 08:01 6948087                    /usr/lib/jvm/java-11-openjdk-amd64/lib/libjimage.so
7ff8aafe9000-7ff8aafea000 r--p 00000000 08:01 6031535                    /usr/lib/x86_64-linux-gnu/librt.so.1
7ff8aafea000-7ff8aafeb000 r-xp 00001000 08:01 6031535                    /usr/lib/x86_64-linux-gnu/librt.so.1
7ff8aafeb000-7ff8aafec000 r--p 00002000 08:01 6031535                    /usr/lib/x86_64-linux-gnu/librt.so.1
7ff8aafec000-7ff8aafed000 r--p 00002000 08:01 6031535                    /usr/lib/x86_64-linux-gnu/librt.so.1
7ff8aafed000-7ff8aafee000 rw-p 00003000 08:01 6031535                    /usr/lib/x86_64-linux-gnu/librt.so.1
7ff8aafee000-7ff8aafef000 r--p 00000000 08:01 6034989                    /usr/lib/python3.10/lib-dynload/_opcode.cpython-310-x86_64-linux-gnu.so
7ff8aafef000-7ff8aaff0000 r-xp 00001000 08:01 6034989                    /usr/lib/python3.10/lib-dynload/_opcode.cpython-310-x86_64-linux-gnu.so
7ff8aaff0000-7ff8aaff1000 r--p 00002000 08:01 6034989                    /usr/lib/python3.10/lib-dynload/_opcode.cpython-310-x86_64-linux-gnu.so
7ff8aaff1000-7ff8aaff2000 r--p 00002000 08:01 6034989                    /usr/lib/python3.10/lib-dynload/_opcode.cpython-310-x86_64-linux-gnu.so
7ff8aaff2000-7ff8aaff3000 rw-p 00003000 08:01 6034989                    /usr/lib/python3.10/lib-dynload/_opcode.cpython-310-x86_64-linux-gnu.so
7ff8aaff3000-7ff8aaff6000 r--p 00000000 08:01 6033887                    /usr/lib/python3.10/lib-dynload/_multibytecodec.cpython-310-x86_64-linux-gnu.so
7ff8aaff6000-7ff8aaffc000 r-xp 00003000 08:01 6033887                    /usr/lib/python3.10/lib-dynload/_multibytecodec.cpython-310-x86_64-linux-gnu.so
7ff8aaffc000-7ff8aaffe000 r--p 00009000 08:01 6033887                    /usr/lib/python3.10/lib-dynload/_multibytecodec.cpython-310-x86_64-linux-gnu.so
7ff8aaffe000-7ff8aafff000 r--p 0000a000 08:01 6033887                    /usr/lib/python3.10/lib-dynload/_multibytecodec.cpython-310-x86_64-linux-gnu.so
7ff8aafff000-7ff8ab000000 rw-p 0000b000 08:01 6033887                    /usr/lib/python3.10/lib-dynload/_multibytecodec.cpython-310-x86_64-linux-gnu.so
7ff8ab000000-7ff8ab028000 r--p 00000000 08:01 6031481                    /usr/lib/x86_64-linux-gnu/libc.so.6
7ff8ab028000-7ff8ab1bd000 r-xp 00028000 08:01 6031481                    /usr/lib/x86_64-linux-gnu/libc.so.6
7ff8ab1bd000-7ff8ab215000 r--p 001bd000 08:01 6031481                    /usr/lib/x86_64-linux-gnu/libc.so.6
7ff8ab215000-7ff8ab219000 r--p 00214000 08:01 6031481                    /usr/lib/x86_64-linux-gnu/libc.so.6
7ff8ab219000-7ff8ab21b000 rw-p 00218000 08:01 6031481                    /usr/lib/x86_64-linux-gnu/libc.so.6
7ff8ab21b000-7ff8ab228000 rw-p 00000000 00:00 0 
7ff8ab228000-7ff8ab229000 ---p 00000000 00:00 0 
7ff8ab229000-7ff8ab22a000 r--p 00000000 00:00 0 
7ff8ab22a000-7ff8ab22c000 r--p 00000000 08:01 6034266                    /usr/lib/python3.10/lib-dynload/_queue.cpython-310-x86_64-linux-gnu.so
7ff8ab22c000-7ff8ab22e000 r-xp 00002000 08:01 6034266                    /usr/lib/python3.10/lib-dynload/_queue.cpython-310-x86_64-linux-gnu.so
7ff8ab22e000-7ff8ab22f000 r--p 00004000 08:01 6034266                    /usr/lib/python3.10/lib-dynload/_queue.cpython-310-x86_64-linux-gnu.so
7ff8ab22f000-7ff8ab230000 r--p 00004000 08:01 6034266                    /usr/lib/python3.10/lib-dynload/_queue.cpython-310-x86_64-linux-gnu.so
7ff8ab230000-7ff8ab231000 rw-p 00005000 08:01 6034266                    /usr/lib/python3.10/lib-dynload/_queue.cpython-310-x86_64-linux-gnu.so
7ff8ab231000-7ff8ab235000 r--p 00000000 08:01 6034988                    /usr/lib/python3.10/lib-dynload/_hashlib.cpython-310-x86_64-linux-gnu.so
7ff8ab235000-7ff8ab23b000 r-xp 00004000 08:01 6034988                    /usr/lib/python3.10/lib-dynload/_hashlib.cpython-310-x86_64-linux-gnu.so
7ff8ab23b000-7ff8ab23f000 r--p 0000a000 08:01 6034988                    /usr/lib/python3.10/lib-dynload/_hashlib.cpython-310-x86_64-linux-gnu.so
7ff8ab23f000-7ff8ab240000 r--p 0000d000 08:01 6034988                    /usr/lib/python3.10/lib-dynload/_hashlib.cpython-310-x86_64-linux-gnu.so
7ff8ab240000-7ff8ab242000 rw-p 0000e000 08:01 6034988                    /usr/lib/python3.10/lib-dynload/_hashlib.cpython-310-x86_64-linux-gnu.so
7ff8ab242000-7ff8ab245000 r--p 00000000 08:01 6033886                    /usr/lib/python3.10/lib-dynload/_lzma.cpython-310-x86_64-linux-gnu.so
7ff8ab245000-7ff8ab249000 r-xp 00003000 08:01 6033886                    /usr/lib/python3.10/lib-dynload/_lzma.cpython-310-x86_64-linux-gnu.so
7ff8ab249000-7ff8ab24c000 r--p 00007000 08:01 6033886                    /usr/lib/python3.10/lib-dynload/_lzma.cpython-310-x86_64-linux-gnu.so
7ff8ab24c000-7ff8ab24d000 r--p 00009000 08:01 6033886                    /usr/lib/python3.10/lib-dynload/_lzma.cpython-310-x86_64-linux-gnu.so
7ff8ab24d000-7ff8ab24e000 rw-p 0000a000 08:01 6033886                    /usr/lib/python3.10/lib-dynload/_lzma.cpython-310-x86_64-linux-gnu.so
7ff8ab24e000-7ff8ab250000 r--p 00000000 08:01 6033717                    /usr/lib/python3.10/lib-dynload/_bz2.cpython-310-x86_64-linux-gnu.so
7ff8ab250000-7ff8ab253000 r-xp 00002000 08:01 6033717                    /usr/lib/python3.10/lib-dynload/_bz2.cpython-310-x86_64-linux-gnu.so
7ff8ab253000-7ff8ab255000 r--p 00005000 08:01 6033717                    /usr/lib/python3.10/lib-dynload/_bz2.cpython-310-x86_64-linux-gnu.so
7ff8ab255000-7ff8ab256000 r--p 00006000 08:01 6033717                    /usr/lib/python3.10/lib-dynload/_bz2.cpython-310-x86_64-linux-gnu.so
7ff8ab256000-7ff8ab257000 rw-p 00007000 08:01 6033717                    /usr/lib/python3.10/lib-dynload/_bz2.cpython-310-x86_64-linux-gnu.so
7ff8ab257000-7ff8ab3bb000 rw-p 00000000 00:00 0 
7ff8ab3bb000-7ff8ab3bd000 r--p 00000000 08:01 6029571                    /usr/lib/x86_64-linux-gnu/libz.so.1.2.11
7ff8ab3bd000-7ff8ab3ce000 r-xp 00002000 08:01 6029571                    /usr/lib/x86_64-linux-gnu/libz.so.1.2.11
7ff8ab3ce000-7ff8ab3d4000 r--p 00013000 08:01 6029571                    /usr/lib/x86_64-linux-gnu/libz.so.1.2.11
7ff8ab3d4000-7ff8ab3d5000 ---p 00019000 08:01 6029571                    /usr/lib/x86_64-linux-gnu/libz.so.1.2.11
7ff8ab3d5000-7ff8ab3d6000 r--p 00019000 08:01 6029571                    /usr/lib/x86_64-linux-gnu/libz.so.1.2.11
7ff8ab3d6000-7ff8ab3d7000 rw-p 0001a000 08:01 6029571                    /usr/lib/x86_64-linux-gnu/libz.so.1.2.11
7ff8ab3d7000-7ff8ab3db000 r--p 00000000 08:01 6037610                    /usr/lib/x86_64-linux-gnu/libexpat.so.1.8.7
7ff8ab3db000-7ff8ab3fa000 r-xp 00004000 08:01 6037610                    /usr/lib/x86_64-linux-gnu/libexpat.so.1.8.7
7ff8ab3fa000-7ff8ab404000 r--p 00023000 08:01 6037610                    /usr/lib/x86_64-linux-gnu/libexpat.so.1.8.7
7ff8ab404000-7ff8ab405000 ---p 0002d000 08:01 6037610                    /usr/lib/x86_64-linux-gnu/libexpat.so.1.8.7
7ff8ab405000-7ff8ab407000 r--p 0002d000 08:01 6037610                    /usr/lib/x86_64-linux-gnu/libexpat.so.1.8.7
7ff8ab407000-7ff8ab408000 rw-p 0002f000 08:01 6037610                    /usr/lib/x86_64-linux-gnu/libexpat.so.1.8.7
7ff8ab408000-7ff8ab416000 r--p 00000000 08:01 6031494                    /usr/lib/x86_64-linux-gnu/libm.so.6
7ff8ab416000-7ff8ab492000 r-xp 0000e000 08:01 6031494                    /usr/lib/x86_64-linux-gnu/libm.so.6
7ff8ab492000-7ff8ab4ed000 r--p 0008a000 08:01 6031494                    /usr/lib/x86_64-linux-gnu/libm.so.6
7ff8ab4ed000-7ff8ab4ee000 r--p 000e4000 08:01 6031494                    /usr/lib/x86_64-linux-gnu/libm.so.6
7ff8ab4ee000-7ff8ab4ef000 rw-p 000e5000 08:01 6031494                    /usr/lib/x86_64-linux-gnu/libm.so.6
7ff8ab4f0000-7ff8ab4f1000 r--p 00000000 08:01 6031525                    /usr/lib/x86_64-linux-gnu/libpthread.so.0
7ff8ab4f1000-7ff8ab4f2000 r-xp 00001000 08:01 6031525                    /usr/lib/x86_64-linux-gnu/libpthread.so.0
7ff8ab4f2000-7ff8ab4f3000 r--p 00002000 08:01 6031525                    /usr/lib/x86_64-linux-gnu/libpthread.so.0
7ff8ab4f3000-7ff8ab4f4000 r--p 00002000 08:01 6031525                    /usr/lib/x86_64-linux-gnu/libpthread.so.0
7ff8ab4f4000-7ff8ab4f5000 rw-p 00003000 08:01 6031525                    /usr/lib/x86_64-linux-gnu/libpthread.so.0
7ff8ab4f5000-7ff8ab4f7000 r--p 00000000 08:01 6033787                    /usr/lib/python3.10/lib-dynload/_json.cpython-310-x86_64-linux-gnu.so
7ff8ab4f7000-7ff8ab4fe000 r-xp 00002000 08:01 6033787                    /usr/lib/python3.10/lib-dynload/_json.cpython-310-x86_64-linux-gnu.so
7ff8ab4fe000-7ff8ab500000 r--p 00009000 08:01 6033787                    /usr/lib/python3.10/lib-dynload/_json.cpython-310-x86_64-linux-gnu.so
7ff8ab500000-7ff8ab501000 r--p 0000a000 08:01 6033787                    /usr/lib/python3.10/lib-dynload/_json.cpython-310-x86_64-linux-gnu.so
7ff8ab501000-7ff8ab502000 rw-p 0000b000 08:01 6033787                    /usr/lib/python3.10/lib-dynload/_json.cpython-310-x86_64-linux-gnu.so
7ff8ab502000-7ff8ab509000 r--s 00000000 08:01 6690451                    /usr/lib/x86_64-linux-gnu/gconv/gconv-modules.cache
7ff8ab509000-7ff8ab50b000 rw-p 00000000 00:00 0 
7ff8ab50b000-7ff8ab50d000 r--p 00000000 08:01 6029386                    /usr/lib/x86_64-linux-gnu/ld-linux-x86-64.so.2
7ff8ab50d000-7ff8ab537000 r-xp 00002000 08:01 6029386                    /usr/lib/x86_64-linux-gnu/ld-linux-x86-64.so.2
7ff8ab537000-7ff8ab542000 r--p 0002c000 08:01 6029386                    /usr/lib/x86_64-linux-gnu/ld-linux-x86-64.so.2
7ff8ab542000-7ff8ab543000 r--p 00000000 00:00 0 
7ff8ab543000-7ff8ab545000 r--p 00037000 08:01 6029386                    /usr/lib/x86_64-linux-gnu/ld-linux-x86-64.so.2
7ff8ab545000-7ff8ab547000 rw-p 00039000 08:01 6029386                    /usr/lib/x86_64-linux-gnu/ld-linux-x86-64.so.2
7ffc48c59000-7ffc48c5d000 ---p 00000000 00:00 0 
7ffc48c5d000-7ffc48d59000 rw-p 00000000 00:00 0                          [stack]
7ffc48df1000-7ffc48df5000 r--p 00000000 00:00 0                          [vvar]
7ffc48df5000-7ffc48df7000 r-xp 00000000 00:00 0                          [vdso]
ffffffffff600000-ffffffffff601000 --xp 00000000 00:00 0                  [vsyscall]


VM Arguments:
java_command: <unknown>
java_class_path (initial): /home/ryan/.local/lib/python3.10/site-packages/ergpy/ergo.jar
Launcher Type: generic

[Global flags]
     intx CICompilerCount                          = 4                                         {product} {ergonomic}
     uint ConcGCThreads                            = 3                                         {product} {ergonomic}
     uint G1ConcRefinementThreads                  = 10                                        {product} {ergonomic}
   size_t G1HeapRegionSize                         = 2097152                                   {product} {ergonomic}
    uintx GCDrainStackTargetSize                   = 64                                        {product} {ergonomic}
   size_t InitialHeapSize                          = 526385152                                 {product} {ergonomic}
   size_t MarkStackSize                            = 4194304                                   {product} {ergonomic}
   size_t MaxHeapSize                              = 8396996608                                {product} {ergonomic}
   size_t MaxNewSize                               = 5037359104                                {product} {ergonomic}
   size_t MinHeapDeltaBytes                        = 2097152                                   {product} {ergonomic}
    uintx NonNMethodCodeHeapSize                   = 5836300                                {pd product} {ergonomic}
    uintx NonProfiledCodeHeapSize                  = 122910970                              {pd product} {ergonomic}
    uintx ProfiledCodeHeapSize                     = 122910970                              {pd product} {ergonomic}
    uintx ReservedCodeCacheSize                    = 251658240                              {pd product} {ergonomic}
     bool SegmentedCodeCache                       = true                                      {product} {ergonomic}
     bool UseCompressedClassPointers               = true                                 {lp64_product} {ergonomic}
     bool UseCompressedOops                        = true                                 {lp64_product} {ergonomic}
     bool UseG1GC                                  = true                                      {product} {ergonomic}

Logging:
Log output configuration:
 #0: stdout all=warning uptime,level,tags
 #1: stderr all=off uptime,level,tags

Environment Variables:
PATH=/home/ryan/.local/bin:/home/ryan/.cargo/bin:/home/ryan/.local/bin:/usr/local/sbin:/usr/local/bin:/usr/sbin:/usr/bin:/sbin:/bin:/usr/games:/usr/local/games:/snap/bin:/snap/bin:/home/ryan/.dotnet/tools:/home/ryan/.local/bin:/home/ryan/.local/share/coursier/bin:/home/ryan/.local/bin:/home/ryan/.local/bin:/home/ryan/.local/bin:/home/ryan/.local/share/coursier/bin
USERNAME=ryan
SHELL=/bin/bash
DISPLAY=:0
LANG=en_US.UTF-8
TERM=screen

Signal Handlers:
SIGSEGV: [libjvm.so+0xeac9a0], sa_mask[0]=11111111011111111101111111111110, sa_flags=SA_RESTART|SA_SIGINFO
SIGBUS: [libjvm.so+0xeac9a0], sa_mask[0]=11111111011111111101111111111110, sa_flags=SA_RESTART|SA_SIGINFO
SIGFPE: [libjvm.so+0xeac9a0], sa_mask[0]=11111111011111111101111111111110, sa_flags=SA_RESTART|SA_SIGINFO
SIGPIPE: [libjvm.so+0xbef0c0], sa_mask[0]=11111111011111111101111111111110, sa_flags=SA_RESTART|SA_SIGINFO
SIGXFSZ: [libjvm.so+0xbef0c0], sa_mask[0]=11111111011111111101111111111110, sa_flags=SA_RESTART|SA_SIGINFO
SIGILL: [libjvm.so+0xeac9a0], sa_mask[0]=11111111011111111101111111111110, sa_flags=SA_RESTART|SA_SIGINFO
SIGUSR2: [libjvm.so+0xbeef60], sa_mask[0]=00000000000000000000000000000000, sa_flags=SA_RESTART|SA_SIGINFO
SIGHUP: [libjvm.so+0xbef700], sa_mask[0]=11111111011111111101111111111110, sa_flags=SA_RESTART|SA_SIGINFO
SIGINT: [libjvm.so+0xbef700], sa_mask[0]=11111111011111111101111111111110, sa_flags=SA_RESTART|SA_SIGINFO
SIGTERM: [libjvm.so+0xbef700], sa_mask[0]=11111111011111111101111111111110, sa_flags=SA_RESTART|SA_SIGINFO
SIGQUIT: [libjvm.so+0xbef700], sa_mask[0]=11111111011111111101111111111110, sa_flags=SA_RESTART|SA_SIGINFO


---------------  S Y S T E M  ---------------

OS:DISTRIB_ID=Ubuntu
DISTRIB_RELEASE=22.04
DISTRIB_CODENAME=jammy
DISTRIB_DESCRIPTION="Ubuntu 22.04.3 LTS"
uname:Linux 6.2.0-26-generic #26~22.04.1-Ubuntu SMP PREEMPT_DYNAMIC Thu Jul 13 16:27:29 UTC 2 x86_64
OS uptime: 23 days 4:40 hours
libc:glibc 2.35 NPTL 2.35 
rlimit (soft/hard): STACK 8192k/infinity , CORE 0k/infinity , NPROC 127777/127777 , NOFILE 1048576/1048576 , AS infinity/infinity , CPU infinity/infinity , DATA infinity/infinity , FSIZE infinity/infinity , MEMLOCK 4099264k/4099264k
load average:3.81 3.79 3.78

/proc/meminfo:
MemTotal:       32794132 kB
MemFree:          505392 kB
MemAvailable:   14238788 kB
Buffers:         2095260 kB
Cached:          9992640 kB
SwapCached:       379528 kB
Active:         14724812 kB
Inactive:       13729856 kB
Active(anon):    7979080 kB
Inactive(anon):  8621288 kB
Active(file):    6745732 kB
Inactive(file):  5108568 kB
Unevictable:         636 kB
Mlocked:             636 kB
SwapTotal:      62705660 kB
SwapFree:       47298300 kB
Zswap:                 0 kB
Zswapped:              0 kB
Dirty:              1012 kB
Writeback:             0 kB
AnonPages:      16298084 kB
Mapped:          2571004 kB
Shmem:            365788 kB
KReclaimable:    2344156 kB
Slab:            2878044 kB
SReclaimable:    2344156 kB
SUnreclaim:       533888 kB
KernelStack:       49008 kB
PageTables:       229256 kB
SecPageTables:         0 kB
NFS_Unstable:          0 kB
Bounce:                0 kB
WritebackTmp:          0 kB
CommitLimit:    79102724 kB
Committed_AS:   66691344 kB
VmallocTotal:   34359738367 kB
VmallocUsed:      139340 kB
VmallocChunk:          0 kB
Percpu:            40064 kB
HardwareCorrupted:     0 kB
AnonHugePages:     32768 kB
ShmemHugePages:        0 kB
ShmemPmdMapped:        0 kB
FileHugePages:         0 kB
FilePmdMapped:         0 kB
HugePages_Total:       0
HugePages_Free:        0
HugePages_Rsvd:        0
HugePages_Surp:        0
Hugepagesize:       2048 kB
Hugetlb:               0 kB
DirectMap4k:     2693004 kB
DirectMap2M:    28706816 kB
DirectMap1G:     2097152 kB

/sys/kernel/mm/transparent_hugepage/enabled:
always [madvise] never
/sys/kernel/mm/transparent_hugepage/defrag (defrag/compaction efforts parameter):
always defer defer+madvise [madvise] never

Process Memory:
Virtual Size: 12164104K (peak: 19843292K)
Resident Set Size: 178192K (peak: 178192K) (anon: 139152K, file: 39040K, shmem: 0K)
Swapped out: 0K
C-Heap outstanding allocations: 66395K, retained: 32456K
glibc malloc tunables: (default)

/proc/sys/kernel/threads-max (system-wide limit on the number of threads):
255555
/proc/sys/vm/max_map_count (maximum number of memory map areas a process may have):
65530
/proc/sys/kernel/pid_max (system-wide limit on number of process identifiers):
4194304

container (cgroup) information:
container_type: cgroupv2
cpu_cpuset_cpus: not supported
cpu_memory_nodes: not supported
active_processor_count: 12
cpu_quota: not supported
cpu_period: not supported
cpu_shares: not supported
memory_limit_in_bytes: unlimited
memory_and_swap_limit_in_bytes: unlimited
memory_soft_limit_in_bytes: unlimited
memory_usage_in_bytes: 312636 k
memory_max_usage_in_bytes: not supported
memory_swap_current_in_bytes: 9564 k
memory_swap_max_limit_in_bytes: unlimited
maximum number of tasks: 38333
current number of tasks: 35

Steal ticks since vm start: 0
Steal ticks percentage since vm start:  0.000

CPU:total 12 (initial active 12) (12 cores per cpu, 2 threads per core) family 25 model 33 stepping 0 microcode 0xa201009, cmov, cx8, fxsr, mmx, sse, sse2, sse3, ssse3, sse4.1, sse4.2, popcnt, avx, avx2, aes, clmul, erms, mmxext, 3dnowpref, lzcnt, sse4a, ht, tsc, tscinvbit, tscinv, bmi1, bmi2, adx, sha, fma
CPU Model and flags from /proc/cpuinfo:
model name	: AMD Ryzen 5 5600X 6-Core Processor
flags		: fpu vme de pse tsc msr pae mce cx8 apic sep mtrr pge mca cmov pat pse36 clflush mmx fxsr sse sse2 ht syscall nx mmxext fxsr_opt pdpe1gb rdtscp lm constant_tsc rep_good nopl nonstop_tsc cpuid extd_apicid aperfmperf rapl pni pclmulqdq monitor ssse3 fma cx16 sse4_1 sse4_2 movbe popcnt aes xsave avx f16c rdrand lahf_lm cmp_legacy svm extapic cr8_legacy abm sse4a misalignsse 3dnowprefetch osvw ibs skinit wdt tce topoext perfctr_core perfctr_nb bpext perfctr_llc mwaitx cpb cat_l3 cdp_l3 hw_pstate ssbd mba ibrs ibpb stibp vmmcall fsgsbase bmi1 avx2 smep bmi2 erms invpcid cqm rdt_a rdseed adx smap clflushopt clwb sha_ni xsaveopt xsavec xgetbv1 xsaves cqm_llc cqm_occup_llc cqm_mbm_total cqm_mbm_local clzero irperf xsaveerptr rdpru wbnoinvd arat npt lbrv svm_lock nrip_save tsc_scale vmcb_clean flushbyasid decodeassists pausefilter pfthreshold avic v_vmsave_vmload vgif v_spec_ctrl umip pku ospke vaes vpclmulqdq rdpid overflow_recov succor smca fsrm
Online cpus:
0-11
Offline cpus:
12-31
BIOS frequency limitation:
3700000
Frequency switch latency (ns):
0
Available cpu frequencies:
3700000 2800000 2200000 
Current governor:
schedutil
Core performance/turbo boost:
1

Memory: 4k page, physical 32794132k(505392k free), swap 62705660k(47298300k free)

vm_info: OpenJDK 64-Bit Server VM (11.0.20.1+1-post-Ubuntu-0ubuntu122.04) for linux-amd64 JRE (11.0.20.1+1-post-Ubuntu-0ubuntu122.04), built on Aug 24 2023 23:14:05 by "unknown" with gcc 11.4.0

END.
